CRITICAL - 2022-03-09 11:02:02 --> Too few arguments to function App\Controllers\Home::page(), 0 passed in C:\wamp64\www\codeigniter4\system\CodeIgniter.php on line 825 and exactly 1 expected
#0 C:\wamp64\www\codeigniter4\system\CodeIgniter.php(825): App\Controllers\Home->page()
#1 C:\wamp64\www\codeigniter4\system\CodeIgniter.php(412): CodeIgniter\CodeIgniter->runController(Object(App\Controllers\Home))
#2 C:\wamp64\www\codeigniter4\system\CodeIgniter.php(320): CodeIgniter\CodeIgniter->handleRequest(NULL, Object(Config\Cache), false)
#3 C:\wamp64\www\codeigniter4\public\index.php(37): CodeIgniter\CodeIgniter->run()
#4 C:\wamp64\www\codeigniter4\system\Commands\Server\rewrite.php(43): require_once('C:\\wamp64\\www\\c...')
#5 {main}
CRITICAL - 2022-03-09 11:04:45 --> Too few arguments to function App\Controllers\Home::page(), 0 passed in C:\wamp64\www\codeigniter4\system\CodeIgniter.php on line 825 and exactly 1 expected
#0 C:\wamp64\www\codeigniter4\system\CodeIgniter.php(825): App\Controllers\Home->page()
#1 C:\wamp64\www\codeigniter4\system\CodeIgniter.php(412): CodeIgniter\CodeIgniter->runController(Object(App\Controllers\Home))
#2 C:\wamp64\www\codeigniter4\system\CodeIgniter.php(320): CodeIgniter\CodeIgniter->handleRequest(NULL, Object(Config\Cache), false)
#3 C:\wamp64\www\codeigniter4\public\index.php(37): CodeIgniter\CodeIgniter->run()
#4 C:\wamp64\www\codeigniter4\system\Commands\Server\rewrite.php(43): require_once('C:\\wamp64\\www\\c...')
#5 {main}
CRITICAL - 2022-03-09 11:05:13 --> Too few arguments to function App\Controllers\Home::page(), 0 passed in C:\wamp64\www\codeigniter4\system\CodeIgniter.php on line 825 and exactly 1 expected
#0 C:\wamp64\www\codeigniter4\system\CodeIgniter.php(825): App\Controllers\Home->page()
#1 C:\wamp64\www\codeigniter4\system\CodeIgniter.php(412): CodeIgniter\CodeIgniter->runController(Object(App\Controllers\Home))
#2 C:\wamp64\www\codeigniter4\system\CodeIgniter.php(320): CodeIgniter\CodeIgniter->handleRequest(NULL, Object(Config\Cache), false)
#3 C:\wamp64\www\codeigniter4\public\index.php(37): CodeIgniter\CodeIgniter->run()
#4 C:\wamp64\www\codeigniter4\system\Commands\Server\rewrite.php(43): require_once('C:\\wamp64\\www\\c...')
#5 {main}
CRITICAL - 2022-03-09 11:10:02 --> Too few arguments to function App\Controllers\Home::page(), 0 passed in C:\wamp64\www\codeigniter4\system\CodeIgniter.php on line 825 and exactly 1 expected
#0 C:\wamp64\www\codeigniter4\system\CodeIgniter.php(825): App\Controllers\Home->page()
#1 C:\wamp64\www\codeigniter4\system\CodeIgniter.php(412): CodeIgniter\CodeIgniter->runController(Object(App\Controllers\Home))
#2 C:\wamp64\www\codeigniter4\system\CodeIgniter.php(320): CodeIgniter\CodeIgniter->handleRequest(NULL, Object(Config\Cache), false)
#3 C:\wamp64\www\codeigniter4\public\index.php(37): CodeIgniter\CodeIgniter->run()
#4 C:\wamp64\www\codeigniter4\system\Commands\Server\rewrite.php(43): require_once('C:\\wamp64\\www\\c...')
#5 {main}
CRITICAL - 2022-03-09 11:10:03 --> Too few arguments to function App\Controllers\Home::page(), 0 passed in C:\wamp64\www\codeigniter4\system\CodeIgniter.php on line 825 and exactly 1 expected
#0 C:\wamp64\www\codeigniter4\system\CodeIgniter.php(825): App\Controllers\Home->page()
#1 C:\wamp64\www\codeigniter4\system\CodeIgniter.php(412): CodeIgniter\CodeIgniter->runController(Object(App\Controllers\Home))
#2 C:\wamp64\www\codeigniter4\system\CodeIgniter.php(320): CodeIgniter\CodeIgniter->handleRequest(NULL, Object(Config\Cache), false)
#3 C:\wamp64\www\codeigniter4\public\index.php(37): CodeIgniter\CodeIgniter->run()
#4 C:\wamp64\www\codeigniter4\system\Commands\Server\rewrite.php(43): require_once('C:\\wamp64\\www\\c...')
#5 {main}
CRITICAL - 2022-03-09 11:13:01 --> Too few arguments to function App\Controllers\Home::page(), 0 passed in C:\wamp64\www\codeigniter4\system\CodeIgniter.php on line 825 and exactly 1 expected
#0 C:\wamp64\www\codeigniter4\system\CodeIgniter.php(825): App\Controllers\Home->page()
#1 C:\wamp64\www\codeigniter4\system\CodeIgniter.php(412): CodeIgniter\CodeIgniter->runController(Object(App\Controllers\Home))
#2 C:\wamp64\www\codeigniter4\system\CodeIgniter.php(320): CodeIgniter\CodeIgniter->handleRequest(NULL, Object(Config\Cache), false)
#3 C:\wamp64\www\codeigniter4\public\index.php(37): CodeIgniter\CodeIgniter->run()
#4 C:\wamp64\www\codeigniter4\system\Commands\Server\rewrite.php(43): require_once('C:\\wamp64\\www\\c...')
#5 {main}
CRITICAL - 2022-03-09 11:34:12 --> Invalid file: ....php
#0 C:\wamp64\www\codeigniter4\system\View\View.php(198): CodeIgniter\Exceptions\FrameworkException::forInvalidFile('....php')
#1 C:\wamp64\www\codeigniter4\system\Common.php(1089): CodeIgniter\View\View->render('...', Array, true)
#2 C:\wamp64\www\codeigniter4\app\Controllers\Home.php(16): view('...')
#3 C:\wamp64\www\codeigniter4\system\CodeIgniter.php(825): App\Controllers\Home->page('...')
#4 C:\wamp64\www\codeigniter4\system\CodeIgniter.php(412): CodeIgniter\CodeIgniter->runController(Object(App\Controllers\Home))
#5 C:\wamp64\www\codeigniter4\system\CodeIgniter.php(320): CodeIgniter\CodeIgniter->handleRequest(NULL, Object(Config\Cache), false)
#6 C:\wamp64\www\codeigniter4\public\index.php(37): CodeIgniter\CodeIgniter->run()
#7 C:\wamp64\www\codeigniter4\system\Commands\Server\rewrite.php(43): require_once('C:\\wamp64\\www\\c...')
#8 {main}
CRITICAL - 2022-03-09 22:48:30 --> The framework needs the following extension(s) installed and loaded: curl, intl, mbstring.
#0 C:\wamp64\www\codeigniter4\system\CodeIgniter.php(219): CodeIgniter\Exceptions\FrameworkException::forMissingExtension('curl, intl, mbs...')
#1 C:\wamp64\www\codeigniter4\system\CodeIgniter.php(177): CodeIgniter\CodeIgniter->resolvePlatformExtensions()
#2 C:\wamp64\www\codeigniter4\system\bootstrap.php(146): CodeIgniter\CodeIgniter->initialize()
#3 C:\wamp64\www\codeigniter4\spark(45): require('C:\\wamp64\\www\\c...')
#4 {main}
CRITICAL - 2022-03-09 22:48:30 --> Uncaught Error: Call to undefined function CodeIgniter\CLI\mb_strpos() in C:\wamp64\www\codeigniter4\system\CLI\CLI.php:758
Stack trace:
#0 C:\wamp64\www\codeigniter4\system\CLI\CLI.php(161): CodeIgniter\CLI\CLI::parseCommandLine()
#1 C:\wamp64\www\codeigniter4\system\CLI\CLI.php(1000): CodeIgniter\CLI\CLI::init()
#2 C:\wamp64\www\codeigniter4\system\Autoloader\Autoloader.php(264): include_once('C:\\wamp64\\www\\c...')
#3 C:\wamp64\www\codeigniter4\system\Autoloader\Autoloader.php(241): CodeIgniter\Autoloader\Autoloader->includeFile('C:\\wamp64\\www\\c...')
#4 C:\wamp64\www\codeigniter4\system\Autoloader\Autoloader.php(219): CodeIgniter\Autoloader\Autoloader->loadInNamespace('CodeIgniter\\CLI...')
#5 [internal function]: CodeIgniter\Autoloader\Autoloader->loadClass('CodeIgniter\\CLI...')
#6 C:\wamp64\www\codeigniter4\app\Views\errors\cli\error_exception.php(6): spl_autoload_call('CodeIgniter\\CLI...')
#7 C:\wamp64\www\codeigniter4\app\Views\errors\cli\production.php(5): include('C:\\wamp64\\www\\c...')
#8 C:\
#0 [internal function]: CodeIgniter\Debug\Exceptions->shutdownHandler()
#1 {main}
CRITICAL - 2022-03-09 22:50:20 --> The framework needs the following extension(s) installed and loaded: curl, intl, mbstring.
#0 C:\wamp64\www\codeigniter4\system\CodeIgniter.php(219): CodeIgniter\Exceptions\FrameworkException::forMissingExtension('curl, intl, mbs...')
#1 C:\wamp64\www\codeigniter4\system\CodeIgniter.php(177): CodeIgniter\CodeIgniter->resolvePlatformExtensions()
#2 C:\wamp64\www\codeigniter4\system\bootstrap.php(146): CodeIgniter\CodeIgniter->initialize()
#3 C:\wamp64\www\codeigniter4\spark(45): require('C:\\wamp64\\www\\c...')
#4 {main}
CRITICAL - 2022-03-09 22:50:20 --> Uncaught Error: Call to undefined function CodeIgniter\CLI\mb_strpos() in C:\wamp64\www\codeigniter4\system\CLI\CLI.php:758
Stack trace:
#0 C:\wamp64\www\codeigniter4\system\CLI\CLI.php(161): CodeIgniter\CLI\CLI::parseCommandLine()
#1 C:\wamp64\www\codeigniter4\system\CLI\CLI.php(1000): CodeIgniter\CLI\CLI::init()
#2 C:\wamp64\www\codeigniter4\system\Autoloader\Autoloader.php(264): include_once('C:\\wamp64\\www\\c...')
#3 C:\wamp64\www\codeigniter4\system\Autoloader\Autoloader.php(241): CodeIgniter\Autoloader\Autoloader->includeFile('C:\\wamp64\\www\\c...')
#4 C:\wamp64\www\codeigniter4\system\Autoloader\Autoloader.php(219): CodeIgniter\Autoloader\Autoloader->loadInNamespace('CodeIgniter\\CLI...')
#5 [internal function]: CodeIgniter\Autoloader\Autoloader->loadClass('CodeIgniter\\CLI...')
#6 C:\wamp64\www\codeigniter4\app\Views\errors\cli\error_exception.php(6): spl_autoload_call('CodeIgniter\\CLI...')
#7 C:\wamp64\www\codeigniter4\app\Views\errors\cli\production.php(5): include('C:\\wamp64\\www\\c...')
#8 C:\
#0 [internal function]: CodeIgniter\Debug\Exceptions->shutdownHandler()
#1 {main}
