CRITICAL - 2022-02-23 11:17:27 --> syntax error, unexpected ':'
#0 C:\wamp64\codeigniter4\system\CodeIgniter.php(361): CodeIgniter\CodeIgniter->tryToRouteIt(NULL)
#1 C:\wamp64\codeigniter4\system\CodeIgniter.php(320): CodeIgniter\CodeIgniter->handleRequest(NULL, Object(Config\Cache), false)
#2 C:\wamp64\codeigniter4\public\index.php(37): CodeIgniter\CodeIgniter->run()
#3 C:\wamp64\codeigniter4\system\Commands\Server\rewrite.php(43): require_once('C:\\wamp64\\codei...')
#4 {main}
CRITICAL - 2022-02-23 11:17:36 --> syntax error, unexpected ':'
#0 C:\wamp64\codeigniter4\system\CodeIgniter.php(361): CodeIgniter\CodeIgniter->tryToRouteIt(NULL)
#1 C:\wamp64\codeigniter4\system\CodeIgniter.php(320): CodeIgniter\CodeIgniter->handleRequest(NULL, Object(Config\Cache), false)
#2 C:\wamp64\codeigniter4\public\index.php(37): CodeIgniter\CodeIgniter->run()
#3 C:\wamp64\codeigniter4\system\Commands\Server\rewrite.php(43): require_once('C:\\wamp64\\codei...')
#4 {main}
CRITICAL - 2022-02-23 11:17:42 --> syntax error, unexpected ':'
#0 C:\wamp64\codeigniter4\system\CodeIgniter.php(361): CodeIgniter\CodeIgniter->tryToRouteIt(NULL)
#1 C:\wamp64\codeigniter4\system\CodeIgniter.php(320): CodeIgniter\CodeIgniter->handleRequest(NULL, Object(Config\Cache), false)
#2 C:\wamp64\codeigniter4\public\index.php(37): CodeIgniter\CodeIgniter->run()
#3 C:\wamp64\codeigniter4\system\Commands\Server\rewrite.php(43): require_once('C:\\wamp64\\codei...')
#4 {main}
CRITICAL - 2022-02-23 11:17:51 --> syntax error, unexpected ':'
#0 C:\wamp64\codeigniter4\system\CodeIgniter.php(361): CodeIgniter\CodeIgniter->tryToRouteIt(NULL)
#1 C:\wamp64\codeigniter4\system\CodeIgniter.php(320): CodeIgniter\CodeIgniter->handleRequest(NULL, Object(Config\Cache), false)
#2 C:\wamp64\codeigniter4\public\index.php(37): CodeIgniter\CodeIgniter->run()
#3 C:\wamp64\codeigniter4\system\Commands\Server\rewrite.php(43): require_once('C:\\wamp64\\codei...')
#4 {main}
CRITICAL - 2022-02-23 11:18:24 --> syntax error, unexpected ':'
#0 C:\wamp64\codeigniter4\system\CodeIgniter.php(361): CodeIgniter\CodeIgniter->tryToRouteIt(NULL)
#1 C:\wamp64\codeigniter4\system\CodeIgniter.php(320): CodeIgniter\CodeIgniter->handleRequest(NULL, Object(Config\Cache), false)
#2 C:\wamp64\codeigniter4\public\index.php(37): CodeIgniter\CodeIgniter->run()
#3 C:\wamp64\codeigniter4\system\Commands\Server\rewrite.php(43): require_once('C:\\wamp64\\codei...')
#4 {main}
CRITICAL - 2022-02-23 11:18:25 --> syntax error, unexpected ':'
#0 C:\wamp64\codeigniter4\system\CodeIgniter.php(361): CodeIgniter\CodeIgniter->tryToRouteIt(NULL)
#1 C:\wamp64\codeigniter4\system\CodeIgniter.php(320): CodeIgniter\CodeIgniter->handleRequest(NULL, Object(Config\Cache), false)
#2 C:\wamp64\codeigniter4\public\index.php(37): CodeIgniter\CodeIgniter->run()
#3 C:\wamp64\codeigniter4\system\Commands\Server\rewrite.php(43): require_once('C:\\wamp64\\codei...')
#4 {main}
CRITICAL - 2022-02-23 11:18:27 --> syntax error, unexpected ':'
#0 C:\wamp64\codeigniter4\system\CodeIgniter.php(361): CodeIgniter\CodeIgniter->tryToRouteIt(NULL)
#1 C:\wamp64\codeigniter4\system\CodeIgniter.php(320): CodeIgniter\CodeIgniter->handleRequest(NULL, Object(Config\Cache), false)
#2 C:\wamp64\codeigniter4\public\index.php(37): CodeIgniter\CodeIgniter->run()
#3 C:\wamp64\codeigniter4\system\Commands\Server\rewrite.php(43): require_once('C:\\wamp64\\codei...')
#4 {main}
CRITICAL - 2022-02-23 11:18:34 --> syntax error, unexpected ':'
#0 C:\wamp64\codeigniter4\system\CodeIgniter.php(361): CodeIgniter\CodeIgniter->tryToRouteIt(NULL)
#1 C:\wamp64\codeigniter4\system\CodeIgniter.php(320): CodeIgniter\CodeIgniter->handleRequest(NULL, Object(Config\Cache), false)
#2 C:\wamp64\codeigniter4\public\index.php(37): CodeIgniter\CodeIgniter->run()
#3 C:\wamp64\codeigniter4\system\Commands\Server\rewrite.php(43): require_once('C:\\wamp64\\codei...')
#4 {main}
CRITICAL - 2022-02-23 11:18:40 --> syntax error, unexpected ':'
#0 C:\wamp64\codeigniter4\system\CodeIgniter.php(361): CodeIgniter\CodeIgniter->tryToRouteIt(NULL)
#1 C:\wamp64\codeigniter4\system\CodeIgniter.php(320): CodeIgniter\CodeIgniter->handleRequest(NULL, Object(Config\Cache), false)
#2 C:\wamp64\codeigniter4\public\index.php(37): CodeIgniter\CodeIgniter->run()
#3 C:\wamp64\codeigniter4\system\Commands\Server\rewrite.php(43): require_once('C:\\wamp64\\codei...')
#4 {main}
CRITICAL - 2022-02-23 11:18:45 --> syntax error, unexpected ':'
#0 C:\wamp64\codeigniter4\system\CodeIgniter.php(361): CodeIgniter\CodeIgniter->tryToRouteIt(NULL)
#1 C:\wamp64\codeigniter4\system\CodeIgniter.php(320): CodeIgniter\CodeIgniter->handleRequest(NULL, Object(Config\Cache), false)
#2 C:\wamp64\codeigniter4\public\index.php(37): CodeIgniter\CodeIgniter->run()
#3 C:\wamp64\codeigniter4\system\Commands\Server\rewrite.php(43): require_once('C:\\wamp64\\codei...')
#4 {main}
CRITICAL - 2022-02-23 11:19:24 --> Invalid file: $page.php
#0 C:\wamp64\codeigniter4\system\View\View.php(198): CodeIgniter\Exceptions\FrameworkException::forInvalidFile('$page.php')
#1 C:\wamp64\codeigniter4\system\Common.php(1089): CodeIgniter\View\View->render('$page', Array, true)
#2 C:\wamp64\codeigniter4\app\Controllers\Home.php(16): view('$page')
#3 C:\wamp64\codeigniter4\system\CodeIgniter.php(825): App\Controllers\Home->page('home')
#4 C:\wamp64\codeigniter4\system\CodeIgniter.php(412): CodeIgniter\CodeIgniter->runController(Object(App\Controllers\Home))
#5 C:\wamp64\codeigniter4\system\CodeIgniter.php(320): CodeIgniter\CodeIgniter->handleRequest(NULL, Object(Config\Cache), false)
#6 C:\wamp64\codeigniter4\public\index.php(37): CodeIgniter\CodeIgniter->run()
#7 C:\wamp64\codeigniter4\system\Commands\Server\rewrite.php(43): require_once('C:\\wamp64\\codei...')
#8 {main}
CRITICAL - 2022-02-23 11:19:27 --> Invalid file: $page.php
#0 C:\wamp64\codeigniter4\system\View\View.php(198): CodeIgniter\Exceptions\FrameworkException::forInvalidFile('$page.php')
#1 C:\wamp64\codeigniter4\system\Common.php(1089): CodeIgniter\View\View->render('$page', Array, true)
#2 C:\wamp64\codeigniter4\app\Controllers\Home.php(16): view('$page')
#3 C:\wamp64\codeigniter4\system\CodeIgniter.php(825): App\Controllers\Home->page('home')
#4 C:\wamp64\codeigniter4\system\CodeIgniter.php(412): CodeIgniter\CodeIgniter->runController(Object(App\Controllers\Home))
#5 C:\wamp64\codeigniter4\system\CodeIgniter.php(320): CodeIgniter\CodeIgniter->handleRequest(NULL, Object(Config\Cache), false)
#6 C:\wamp64\codeigniter4\public\index.php(37): CodeIgniter\CodeIgniter->run()
#7 C:\wamp64\codeigniter4\system\Commands\Server\rewrite.php(43): require_once('C:\\wamp64\\codei...')
#8 {main}
CRITICAL - 2022-02-23 11:20:16 --> Invalid file: $page.php
#0 C:\wamp64\codeigniter4\system\View\View.php(198): CodeIgniter\Exceptions\FrameworkException::forInvalidFile('$page.php')
#1 C:\wamp64\codeigniter4\system\Common.php(1089): CodeIgniter\View\View->render('$page', Array, true)
#2 C:\wamp64\codeigniter4\app\Controllers\Home.php(16): view('$page')
#3 C:\wamp64\codeigniter4\system\CodeIgniter.php(825): App\Controllers\Home->page('home')
#4 C:\wamp64\codeigniter4\system\CodeIgniter.php(412): CodeIgniter\CodeIgniter->runController(Object(App\Controllers\Home))
#5 C:\wamp64\codeigniter4\system\CodeIgniter.php(320): CodeIgniter\CodeIgniter->handleRequest(NULL, Object(Config\Cache), false)
#6 C:\wamp64\codeigniter4\public\index.php(37): CodeIgniter\CodeIgniter->run()
#7 C:\wamp64\codeigniter4\system\Commands\Server\rewrite.php(43): require_once('C:\\wamp64\\codei...')
#8 {main}
CRITICAL - 2022-02-23 11:23:45 --> Invalid file: $page.php
#0 C:\wamp64\codeigniter4\system\View\View.php(198): CodeIgniter\Exceptions\FrameworkException::forInvalidFile('$page.php')
#1 C:\wamp64\codeigniter4\system\Common.php(1089): CodeIgniter\View\View->render('$page', Array, true)
#2 C:\wamp64\codeigniter4\app\Controllers\Home.php(16): view('$page')
#3 C:\wamp64\codeigniter4\system\CodeIgniter.php(825): App\Controllers\Home->page('home')
#4 C:\wamp64\codeigniter4\system\CodeIgniter.php(412): CodeIgniter\CodeIgniter->runController(Object(App\Controllers\Home))
#5 C:\wamp64\codeigniter4\system\CodeIgniter.php(320): CodeIgniter\CodeIgniter->handleRequest(NULL, Object(Config\Cache), false)
#6 C:\wamp64\codeigniter4\public\index.php(37): CodeIgniter\CodeIgniter->run()
#7 C:\wamp64\codeigniter4\system\Commands\Server\rewrite.php(43): require_once('C:\\wamp64\\codei...')
#8 {main}
