CRITICAL - 2022-04-13 12:09:40 --> Invalid file: pessoas.php
#0 C:\wamp64\www\codeigniter4\system\View\View.php(198): CodeIgniter\Exceptions\FrameworkException::forInvalidFile('pessoas.php')
#1 C:\wamp64\www\codeigniter4\system\Common.php(1089): CodeIgniter\View\View->render('pessoas', Array, true)
#2 C:\wamp64\www\codeigniter4\app\Controllers\Home.php(19): view('pessoas')
#3 C:\wamp64\www\codeigniter4\system\CodeIgniter.php(825): App\Controllers\Home->page('pessoas')
#4 C:\wamp64\www\codeigniter4\system\CodeIgniter.php(412): CodeIgniter\CodeIgniter->runController(Object(App\Controllers\Home))
#5 C:\wamp64\www\codeigniter4\system\CodeIgniter.php(320): CodeIgniter\CodeIgniter->handleRequest(NULL, Object(Config\Cache), false)
#6 C:\wamp64\www\codeigniter4\public\index.php(37): CodeIgniter\CodeIgniter->run()
#7 C:\wamp64\www\codeigniter4\system\Commands\Server\rewrite.php(43): require_once('C:\\wamp64\\www\\c...')
#8 {main}
CRITICAL - 2022-04-13 12:10:44 --> Class 'App\Controllers\PessoaModel' not found
#0 C:\wamp64\www\codeigniter4\system\CodeIgniter.php(825): App\Controllers\Home->pessoa()
#1 C:\wamp64\www\codeigniter4\system\CodeIgniter.php(412): CodeIgniter\CodeIgniter->runController(Object(App\Controllers\Home))
#2 C:\wamp64\www\codeigniter4\system\CodeIgniter.php(320): CodeIgniter\CodeIgniter->handleRequest(NULL, Object(Config\Cache), false)
#3 C:\wamp64\www\codeigniter4\public\index.php(37): CodeIgniter\CodeIgniter->run()
#4 C:\wamp64\www\codeigniter4\system\Commands\Server\rewrite.php(43): require_once('C:\\wamp64\\www\\c...')
#5 {main}
CRITICAL - 2022-04-13 12:20:39 --> Invalid argument supplied for foreach()
#0 C:\wamp64\www\codeigniter4\app\Views\pessoa.php(5): CodeIgniter\Debug\Exceptions->errorHandler(2, 'Invalid argumen...', 'C:\\wamp64\\www\\c...', 5, Array)
#1 C:\wamp64\www\codeigniter4\system\View\View.php(210): include('C:\\wamp64\\www\\c...')
#2 C:\wamp64\www\codeigniter4\system\View\View.php(213): CodeIgniter\View\View->CodeIgniter\View\{closure}()
#3 C:\wamp64\www\codeigniter4\system\Common.php(1089): CodeIgniter\View\View->render('pessoa', Array, true)
#4 C:\wamp64\www\codeigniter4\app\Controllers\Home.php(19): view('pessoa')
#5 C:\wamp64\www\codeigniter4\system\CodeIgniter.php(825): App\Controllers\Home->page('pessoa')
#6 C:\wamp64\www\codeigniter4\system\CodeIgniter.php(412): CodeIgniter\CodeIgniter->runController(Object(App\Controllers\Home))
#7 C:\wamp64\www\codeigniter4\system\CodeIgniter.php(320): CodeIgniter\CodeIgniter->handleRequest(NULL, Object(Config\Cache), false)
#8 C:\wamp64\www\codeigniter4\public\index.php(37): CodeIgniter\CodeIgniter->run()
#9 C:\wamp64\www\codeigniter4\system\Commands\Server\rewrite.php(43): require_once('C:\\wamp64\\www\\c...')
#10 {main}
CRITICAL - 2022-04-13 12:20:51 --> Invalid argument supplied for foreach()
#0 C:\wamp64\www\codeigniter4\app\Views\pessoa.php(5): CodeIgniter\Debug\Exceptions->errorHandler(2, 'Invalid argumen...', 'C:\\wamp64\\www\\c...', 5, Array)
#1 C:\wamp64\www\codeigniter4\system\View\View.php(210): include('C:\\wamp64\\www\\c...')
#2 C:\wamp64\www\codeigniter4\system\View\View.php(213): CodeIgniter\View\View->CodeIgniter\View\{closure}()
#3 C:\wamp64\www\codeigniter4\system\Common.php(1089): CodeIgniter\View\View->render('pessoa', Array, true)
#4 C:\wamp64\www\codeigniter4\app\Controllers\Home.php(19): view('pessoa')
#5 C:\wamp64\www\codeigniter4\system\CodeIgniter.php(825): App\Controllers\Home->page('pessoa')
#6 C:\wamp64\www\codeigniter4\system\CodeIgniter.php(412): CodeIgniter\CodeIgniter->runController(Object(App\Controllers\Home))
#7 C:\wamp64\www\codeigniter4\system\CodeIgniter.php(320): CodeIgniter\CodeIgniter->handleRequest(NULL, Object(Config\Cache), false)
#8 C:\wamp64\www\codeigniter4\public\index.php(37): CodeIgniter\CodeIgniter->run()
#9 C:\wamp64\www\codeigniter4\system\Commands\Server\rewrite.php(43): require_once('C:\\wamp64\\www\\c...')
#10 {main}
CRITICAL - 2022-04-13 12:24:09 --> Invalid file: cadastrar.php
#0 C:\wamp64\www\codeigniter4\system\View\View.php(198): CodeIgniter\Exceptions\FrameworkException::forInvalidFile('cadastrar.php')
#1 C:\wamp64\www\codeigniter4\system\Common.php(1089): CodeIgniter\View\View->render('cadastrar', Array, true)
#2 C:\wamp64\www\codeigniter4\app\Controllers\Home.php(19): view('cadastrar')
#3 C:\wamp64\www\codeigniter4\system\CodeIgniter.php(825): App\Controllers\Home->page('cadastrar')
#4 C:\wamp64\www\codeigniter4\system\CodeIgniter.php(412): CodeIgniter\CodeIgniter->runController(Object(App\Controllers\Home))
#5 C:\wamp64\www\codeigniter4\system\CodeIgniter.php(320): CodeIgniter\CodeIgniter->handleRequest(NULL, Object(Config\Cache), false)
#6 C:\wamp64\www\codeigniter4\public\index.php(37): CodeIgniter\CodeIgniter->run()
#7 C:\wamp64\www\codeigniter4\system\Commands\Server\rewrite.php(43): require_once('C:\\wamp64\\www\\c...')
#8 {main}
CRITICAL - 2022-04-13 12:26:31 --> Invalid argument supplied for foreach()
#0 C:\wamp64\www\codeigniter4\app\Views\pessoa.php(5): CodeIgniter\Debug\Exceptions->errorHandler(2, 'Invalid argumen...', 'C:\\wamp64\\www\\c...', 5, Array)
#1 C:\wamp64\www\codeigniter4\system\View\View.php(210): include('C:\\wamp64\\www\\c...')
#2 C:\wamp64\www\codeigniter4\system\View\View.php(213): CodeIgniter\View\View->CodeIgniter\View\{closure}()
#3 C:\wamp64\www\codeigniter4\system\Common.php(1089): CodeIgniter\View\View->render('pessoa', Array, true)
#4 C:\wamp64\www\codeigniter4\app\Controllers\Home.php(19): view('pessoa')
#5 C:\wamp64\www\codeigniter4\system\CodeIgniter.php(825): App\Controllers\Home->page('pessoa')
#6 C:\wamp64\www\codeigniter4\system\CodeIgniter.php(412): CodeIgniter\CodeIgniter->runController(Object(App\Controllers\Home))
#7 C:\wamp64\www\codeigniter4\system\CodeIgniter.php(320): CodeIgniter\CodeIgniter->handleRequest(NULL, Object(Config\Cache), false)
#8 C:\wamp64\www\codeigniter4\public\index.php(37): CodeIgniter\CodeIgniter->run()
#9 C:\wamp64\www\codeigniter4\system\Commands\Server\rewrite.php(43): require_once('C:\\wamp64\\www\\c...')
#10 {main}
CRITICAL - 2022-04-13 12:29:48 --> Class 'App\Controllers\PessoaModel' not found
#0 C:\wamp64\www\codeigniter4\system\CodeIgniter.php(825): App\Controllers\Home->pessoa()
#1 C:\wamp64\www\codeigniter4\system\CodeIgniter.php(412): CodeIgniter\CodeIgniter->runController(Object(App\Controllers\Home))
#2 C:\wamp64\www\codeigniter4\system\CodeIgniter.php(320): CodeIgniter\CodeIgniter->handleRequest(NULL, Object(Config\Cache), false)
#3 C:\wamp64\www\codeigniter4\public\index.php(37): CodeIgniter\CodeIgniter->run()
#4 C:\wamp64\www\codeigniter4\system\Commands\Server\rewrite.php(43): require_once('C:\\wamp64\\www\\c...')
#5 {main}
CRITICAL - 2022-04-13 12:30:01 --> Invalid argument supplied for foreach()
#0 C:\wamp64\www\codeigniter4\app\Views\pessoa.php(5): CodeIgniter\Debug\Exceptions->errorHandler(2, 'Invalid argumen...', 'C:\\wamp64\\www\\c...', 5, Array)
#1 C:\wamp64\www\codeigniter4\system\View\View.php(210): include('C:\\wamp64\\www\\c...')
#2 C:\wamp64\www\codeigniter4\system\View\View.php(213): CodeIgniter\View\View->CodeIgniter\View\{closure}()
#3 C:\wamp64\www\codeigniter4\system\Common.php(1089): CodeIgniter\View\View->render('pessoa', Array, true)
#4 C:\wamp64\www\codeigniter4\app\Controllers\Home.php(19): view('pessoa')
#5 C:\wamp64\www\codeigniter4\system\CodeIgniter.php(825): App\Controllers\Home->page('pessoa')
#6 C:\wamp64\www\codeigniter4\system\CodeIgniter.php(412): CodeIgniter\CodeIgniter->runController(Object(App\Controllers\Home))
#7 C:\wamp64\www\codeigniter4\system\CodeIgniter.php(320): CodeIgniter\CodeIgniter->handleRequest(NULL, Object(Config\Cache), false)
#8 C:\wamp64\www\codeigniter4\public\index.php(37): CodeIgniter\CodeIgniter->run()
#9 C:\wamp64\www\codeigniter4\system\Commands\Server\rewrite.php(43): require_once('C:\\wamp64\\www\\c...')
#10 {main}
CRITICAL - 2022-04-13 12:31:47 --> Invalid argument supplied for foreach()
#0 C:\wamp64\www\codeigniter4\app\Views\pessoa.php(5): CodeIgniter\Debug\Exceptions->errorHandler(2, 'Invalid argumen...', 'C:\\wamp64\\www\\c...', 5, Array)
#1 C:\wamp64\www\codeigniter4\system\View\View.php(210): include('C:\\wamp64\\www\\c...')
#2 C:\wamp64\www\codeigniter4\system\View\View.php(213): CodeIgniter\View\View->CodeIgniter\View\{closure}()
#3 C:\wamp64\www\codeigniter4\system\Common.php(1089): CodeIgniter\View\View->render('pessoa', Array, true)
#4 C:\wamp64\www\codeigniter4\app\Controllers\Home.php(19): view('pessoa')
#5 C:\wamp64\www\codeigniter4\system\CodeIgniter.php(825): App\Controllers\Home->page('pessoa')
#6 C:\wamp64\www\codeigniter4\system\CodeIgniter.php(412): CodeIgniter\CodeIgniter->runController(Object(App\Controllers\Home))
#7 C:\wamp64\www\codeigniter4\system\CodeIgniter.php(320): CodeIgniter\CodeIgniter->handleRequest(NULL, Object(Config\Cache), false)
#8 C:\wamp64\www\codeigniter4\public\index.php(37): CodeIgniter\CodeIgniter->run()
#9 C:\wamp64\www\codeigniter4\system\Commands\Server\rewrite.php(43): require_once('C:\\wamp64\\www\\c...')
#10 {main}
CRITICAL - 2022-04-13 12:31:48 --> Invalid argument supplied for foreach()
#0 C:\wamp64\www\codeigniter4\app\Views\pessoa.php(5): CodeIgniter\Debug\Exceptions->errorHandler(2, 'Invalid argumen...', 'C:\\wamp64\\www\\c...', 5, Array)
#1 C:\wamp64\www\codeigniter4\system\View\View.php(210): include('C:\\wamp64\\www\\c...')
#2 C:\wamp64\www\codeigniter4\system\View\View.php(213): CodeIgniter\View\View->CodeIgniter\View\{closure}()
#3 C:\wamp64\www\codeigniter4\system\Common.php(1089): CodeIgniter\View\View->render('pessoa', Array, true)
#4 C:\wamp64\www\codeigniter4\app\Controllers\Home.php(19): view('pessoa')
#5 C:\wamp64\www\codeigniter4\system\CodeIgniter.php(825): App\Controllers\Home->page('pessoa')
#6 C:\wamp64\www\codeigniter4\system\CodeIgniter.php(412): CodeIgniter\CodeIgniter->runController(Object(App\Controllers\Home))
#7 C:\wamp64\www\codeigniter4\system\CodeIgniter.php(320): CodeIgniter\CodeIgniter->handleRequest(NULL, Object(Config\Cache), false)
#8 C:\wamp64\www\codeigniter4\public\index.php(37): CodeIgniter\CodeIgniter->run()
#9 C:\wamp64\www\codeigniter4\system\Commands\Server\rewrite.php(43): require_once('C:\\wamp64\\www\\c...')
#10 {main}
CRITICAL - 2022-04-13 12:31:48 --> Invalid argument supplied for foreach()
#0 C:\wamp64\www\codeigniter4\app\Views\pessoa.php(5): CodeIgniter\Debug\Exceptions->errorHandler(2, 'Invalid argumen...', 'C:\\wamp64\\www\\c...', 5, Array)
#1 C:\wamp64\www\codeigniter4\system\View\View.php(210): include('C:\\wamp64\\www\\c...')
#2 C:\wamp64\www\codeigniter4\system\View\View.php(213): CodeIgniter\View\View->CodeIgniter\View\{closure}()
#3 C:\wamp64\www\codeigniter4\system\Common.php(1089): CodeIgniter\View\View->render('pessoa', Array, true)
#4 C:\wamp64\www\codeigniter4\app\Controllers\Home.php(19): view('pessoa')
#5 C:\wamp64\www\codeigniter4\system\CodeIgniter.php(825): App\Controllers\Home->page('pessoa')
#6 C:\wamp64\www\codeigniter4\system\CodeIgniter.php(412): CodeIgniter\CodeIgniter->runController(Object(App\Controllers\Home))
#7 C:\wamp64\www\codeigniter4\system\CodeIgniter.php(320): CodeIgniter\CodeIgniter->handleRequest(NULL, Object(Config\Cache), false)
#8 C:\wamp64\www\codeigniter4\public\index.php(37): CodeIgniter\CodeIgniter->run()
#9 C:\wamp64\www\codeigniter4\system\Commands\Server\rewrite.php(43): require_once('C:\\wamp64\\www\\c...')
#10 {main}
CRITICAL - 2022-04-13 12:31:49 --> Invalid argument supplied for foreach()
#0 C:\wamp64\www\codeigniter4\app\Views\pessoa.php(5): CodeIgniter\Debug\Exceptions->errorHandler(2, 'Invalid argumen...', 'C:\\wamp64\\www\\c...', 5, Array)
#1 C:\wamp64\www\codeigniter4\system\View\View.php(210): include('C:\\wamp64\\www\\c...')
#2 C:\wamp64\www\codeigniter4\system\View\View.php(213): CodeIgniter\View\View->CodeIgniter\View\{closure}()
#3 C:\wamp64\www\codeigniter4\system\Common.php(1089): CodeIgniter\View\View->render('pessoa', Array, true)
#4 C:\wamp64\www\codeigniter4\app\Controllers\Home.php(19): view('pessoa')
#5 C:\wamp64\www\codeigniter4\system\CodeIgniter.php(825): App\Controllers\Home->page('pessoa')
#6 C:\wamp64\www\codeigniter4\system\CodeIgniter.php(412): CodeIgniter\CodeIgniter->runController(Object(App\Controllers\Home))
#7 C:\wamp64\www\codeigniter4\system\CodeIgniter.php(320): CodeIgniter\CodeIgniter->handleRequest(NULL, Object(Config\Cache), false)
#8 C:\wamp64\www\codeigniter4\public\index.php(37): CodeIgniter\CodeIgniter->run()
#9 C:\wamp64\www\codeigniter4\system\Commands\Server\rewrite.php(43): require_once('C:\\wamp64\\www\\c...')
#10 {main}
CRITICAL - 2022-04-13 12:31:49 --> Invalid argument supplied for foreach()
#0 C:\wamp64\www\codeigniter4\app\Views\pessoa.php(5): CodeIgniter\Debug\Exceptions->errorHandler(2, 'Invalid argumen...', 'C:\\wamp64\\www\\c...', 5, Array)
#1 C:\wamp64\www\codeigniter4\system\View\View.php(210): include('C:\\wamp64\\www\\c...')
#2 C:\wamp64\www\codeigniter4\system\View\View.php(213): CodeIgniter\View\View->CodeIgniter\View\{closure}()
#3 C:\wamp64\www\codeigniter4\system\Common.php(1089): CodeIgniter\View\View->render('pessoa', Array, true)
#4 C:\wamp64\www\codeigniter4\app\Controllers\Home.php(19): view('pessoa')
#5 C:\wamp64\www\codeigniter4\system\CodeIgniter.php(825): App\Controllers\Home->page('pessoa')
#6 C:\wamp64\www\codeigniter4\system\CodeIgniter.php(412): CodeIgniter\CodeIgniter->runController(Object(App\Controllers\Home))
#7 C:\wamp64\www\codeigniter4\system\CodeIgniter.php(320): CodeIgniter\CodeIgniter->handleRequest(NULL, Object(Config\Cache), false)
#8 C:\wamp64\www\codeigniter4\public\index.php(37): CodeIgniter\CodeIgniter->run()
#9 C:\wamp64\www\codeigniter4\system\Commands\Server\rewrite.php(43): require_once('C:\\wamp64\\www\\c...')
#10 {main}
CRITICAL - 2022-04-13 12:31:49 --> Invalid argument supplied for foreach()
#0 C:\wamp64\www\codeigniter4\app\Views\pessoa.php(5): CodeIgniter\Debug\Exceptions->errorHandler(2, 'Invalid argumen...', 'C:\\wamp64\\www\\c...', 5, Array)
#1 C:\wamp64\www\codeigniter4\system\View\View.php(210): include('C:\\wamp64\\www\\c...')
#2 C:\wamp64\www\codeigniter4\system\View\View.php(213): CodeIgniter\View\View->CodeIgniter\View\{closure}()
#3 C:\wamp64\www\codeigniter4\system\Common.php(1089): CodeIgniter\View\View->render('pessoa', Array, true)
#4 C:\wamp64\www\codeigniter4\app\Controllers\Home.php(19): view('pessoa')
#5 C:\wamp64\www\codeigniter4\system\CodeIgniter.php(825): App\Controllers\Home->page('pessoa')
#6 C:\wamp64\www\codeigniter4\system\CodeIgniter.php(412): CodeIgniter\CodeIgniter->runController(Object(App\Controllers\Home))
#7 C:\wamp64\www\codeigniter4\system\CodeIgniter.php(320): CodeIgniter\CodeIgniter->handleRequest(NULL, Object(Config\Cache), false)
#8 C:\wamp64\www\codeigniter4\public\index.php(37): CodeIgniter\CodeIgniter->run()
#9 C:\wamp64\www\codeigniter4\system\Commands\Server\rewrite.php(43): require_once('C:\\wamp64\\www\\c...')
#10 {main}
CRITICAL - 2022-04-13 12:31:49 --> Invalid argument supplied for foreach()
#0 C:\wamp64\www\codeigniter4\app\Views\pessoa.php(5): CodeIgniter\Debug\Exceptions->errorHandler(2, 'Invalid argumen...', 'C:\\wamp64\\www\\c...', 5, Array)
#1 C:\wamp64\www\codeigniter4\system\View\View.php(210): include('C:\\wamp64\\www\\c...')
#2 C:\wamp64\www\codeigniter4\system\View\View.php(213): CodeIgniter\View\View->CodeIgniter\View\{closure}()
#3 C:\wamp64\www\codeigniter4\system\Common.php(1089): CodeIgniter\View\View->render('pessoa', Array, true)
#4 C:\wamp64\www\codeigniter4\app\Controllers\Home.php(19): view('pessoa')
#5 C:\wamp64\www\codeigniter4\system\CodeIgniter.php(825): App\Controllers\Home->page('pessoa')
#6 C:\wamp64\www\codeigniter4\system\CodeIgniter.php(412): CodeIgniter\CodeIgniter->runController(Object(App\Controllers\Home))
#7 C:\wamp64\www\codeigniter4\system\CodeIgniter.php(320): CodeIgniter\CodeIgniter->handleRequest(NULL, Object(Config\Cache), false)
#8 C:\wamp64\www\codeigniter4\public\index.php(37): CodeIgniter\CodeIgniter->run()
#9 C:\wamp64\www\codeigniter4\system\Commands\Server\rewrite.php(43): require_once('C:\\wamp64\\www\\c...')
#10 {main}
CRITICAL - 2022-04-13 12:31:50 --> Invalid argument supplied for foreach()
#0 C:\wamp64\www\codeigniter4\app\Views\pessoa.php(5): CodeIgniter\Debug\Exceptions->errorHandler(2, 'Invalid argumen...', 'C:\\wamp64\\www\\c...', 5, Array)
#1 C:\wamp64\www\codeigniter4\system\View\View.php(210): include('C:\\wamp64\\www\\c...')
#2 C:\wamp64\www\codeigniter4\system\View\View.php(213): CodeIgniter\View\View->CodeIgniter\View\{closure}()
#3 C:\wamp64\www\codeigniter4\system\Common.php(1089): CodeIgniter\View\View->render('pessoa', Array, true)
#4 C:\wamp64\www\codeigniter4\app\Controllers\Home.php(19): view('pessoa')
#5 C:\wamp64\www\codeigniter4\system\CodeIgniter.php(825): App\Controllers\Home->page('pessoa')
#6 C:\wamp64\www\codeigniter4\system\CodeIgniter.php(412): CodeIgniter\CodeIgniter->runController(Object(App\Controllers\Home))
#7 C:\wamp64\www\codeigniter4\system\CodeIgniter.php(320): CodeIgniter\CodeIgniter->handleRequest(NULL, Object(Config\Cache), false)
#8 C:\wamp64\www\codeigniter4\public\index.php(37): CodeIgniter\CodeIgniter->run()
#9 C:\wamp64\www\codeigniter4\system\Commands\Server\rewrite.php(43): require_once('C:\\wamp64\\www\\c...')
#10 {main}
CRITICAL - 2022-04-13 12:31:50 --> Invalid argument supplied for foreach()
#0 C:\wamp64\www\codeigniter4\app\Views\pessoa.php(5): CodeIgniter\Debug\Exceptions->errorHandler(2, 'Invalid argumen...', 'C:\\wamp64\\www\\c...', 5, Array)
#1 C:\wamp64\www\codeigniter4\system\View\View.php(210): include('C:\\wamp64\\www\\c...')
#2 C:\wamp64\www\codeigniter4\system\View\View.php(213): CodeIgniter\View\View->CodeIgniter\View\{closure}()
#3 C:\wamp64\www\codeigniter4\system\Common.php(1089): CodeIgniter\View\View->render('pessoa', Array, true)
#4 C:\wamp64\www\codeigniter4\app\Controllers\Home.php(19): view('pessoa')
#5 C:\wamp64\www\codeigniter4\system\CodeIgniter.php(825): App\Controllers\Home->page('pessoa')
#6 C:\wamp64\www\codeigniter4\system\CodeIgniter.php(412): CodeIgniter\CodeIgniter->runController(Object(App\Controllers\Home))
#7 C:\wamp64\www\codeigniter4\system\CodeIgniter.php(320): CodeIgniter\CodeIgniter->handleRequest(NULL, Object(Config\Cache), false)
#8 C:\wamp64\www\codeigniter4\public\index.php(37): CodeIgniter\CodeIgniter->run()
#9 C:\wamp64\www\codeigniter4\system\Commands\Server\rewrite.php(43): require_once('C:\\wamp64\\www\\c...')
#10 {main}
CRITICAL - 2022-04-13 12:31:50 --> Invalid argument supplied for foreach()
#0 C:\wamp64\www\codeigniter4\app\Views\pessoa.php(5): CodeIgniter\Debug\Exceptions->errorHandler(2, 'Invalid argumen...', 'C:\\wamp64\\www\\c...', 5, Array)
#1 C:\wamp64\www\codeigniter4\system\View\View.php(210): include('C:\\wamp64\\www\\c...')
#2 C:\wamp64\www\codeigniter4\system\View\View.php(213): CodeIgniter\View\View->CodeIgniter\View\{closure}()
#3 C:\wamp64\www\codeigniter4\system\Common.php(1089): CodeIgniter\View\View->render('pessoa', Array, true)
#4 C:\wamp64\www\codeigniter4\app\Controllers\Home.php(19): view('pessoa')
#5 C:\wamp64\www\codeigniter4\system\CodeIgniter.php(825): App\Controllers\Home->page('pessoa')
#6 C:\wamp64\www\codeigniter4\system\CodeIgniter.php(412): CodeIgniter\CodeIgniter->runController(Object(App\Controllers\Home))
#7 C:\wamp64\www\codeigniter4\system\CodeIgniter.php(320): CodeIgniter\CodeIgniter->handleRequest(NULL, Object(Config\Cache), false)
#8 C:\wamp64\www\codeigniter4\public\index.php(37): CodeIgniter\CodeIgniter->run()
#9 C:\wamp64\www\codeigniter4\system\Commands\Server\rewrite.php(43): require_once('C:\\wamp64\\www\\c...')
#10 {main}
CRITICAL - 2022-04-13 12:31:50 --> Invalid argument supplied for foreach()
#0 C:\wamp64\www\codeigniter4\app\Views\pessoa.php(5): CodeIgniter\Debug\Exceptions->errorHandler(2, 'Invalid argumen...', 'C:\\wamp64\\www\\c...', 5, Array)
#1 C:\wamp64\www\codeigniter4\system\View\View.php(210): include('C:\\wamp64\\www\\c...')
#2 C:\wamp64\www\codeigniter4\system\View\View.php(213): CodeIgniter\View\View->CodeIgniter\View\{closure}()
#3 C:\wamp64\www\codeigniter4\system\Common.php(1089): CodeIgniter\View\View->render('pessoa', Array, true)
#4 C:\wamp64\www\codeigniter4\app\Controllers\Home.php(19): view('pessoa')
#5 C:\wamp64\www\codeigniter4\system\CodeIgniter.php(825): App\Controllers\Home->page('pessoa')
#6 C:\wamp64\www\codeigniter4\system\CodeIgniter.php(412): CodeIgniter\CodeIgniter->runController(Object(App\Controllers\Home))
#7 C:\wamp64\www\codeigniter4\system\CodeIgniter.php(320): CodeIgniter\CodeIgniter->handleRequest(NULL, Object(Config\Cache), false)
#8 C:\wamp64\www\codeigniter4\public\index.php(37): CodeIgniter\CodeIgniter->run()
#9 C:\wamp64\www\codeigniter4\system\Commands\Server\rewrite.php(43): require_once('C:\\wamp64\\www\\c...')
#10 {main}
