ERROR - 2022-05-04 11:42:37 --> Error connecting to the database: Nenhuma conexão pôde ser feita porque a máquina de destino as recusou ativamente.

CRITICAL - 2022-05-04 12:15:12 --> Invalid file: cadastar.php
#0 C:\wamp64\www\codeigniter4\system\View\View.php(198): CodeIgniter\Exceptions\FrameworkException::forInvalidFile('cadastar.php')
#1 C:\wamp64\www\codeigniter4\system\Common.php(1089): CodeIgniter\View\View->render('cadastar', Array, true)
#2 C:\wamp64\www\codeigniter4\app\Controllers\Home.php(19): view('cadastar')
#3 C:\wamp64\www\codeigniter4\system\CodeIgniter.php(825): App\Controllers\Home->page('cadastar')
#4 C:\wamp64\www\codeigniter4\system\CodeIgniter.php(412): CodeIgniter\CodeIgniter->runController(Object(App\Controllers\Home))
#5 C:\wamp64\www\codeigniter4\system\CodeIgniter.php(320): CodeIgniter\CodeIgniter->handleRequest(NULL, Object(Config\Cache), false)
#6 C:\wamp64\www\codeigniter4\public\index.php(37): CodeIgniter\CodeIgniter->run()
#7 C:\wamp64\www\codeigniter4\system\Commands\Server\rewrite.php(43): require_once('C:\\wamp64\\www\\c...')
#8 {main}
CRITICAL - 2022-05-04 12:15:20 --> Invalid file: cadastrar.php
#0 C:\wamp64\www\codeigniter4\system\View\View.php(198): CodeIgniter\Exceptions\FrameworkException::forInvalidFile('cadastrar.php')
#1 C:\wamp64\www\codeigniter4\system\Common.php(1089): CodeIgniter\View\View->render('cadastrar', Array, true)
#2 C:\wamp64\www\codeigniter4\app\Controllers\Home.php(19): view('cadastrar')
#3 C:\wamp64\www\codeigniter4\system\CodeIgniter.php(825): App\Controllers\Home->page('cadastrar')
#4 C:\wamp64\www\codeigniter4\system\CodeIgniter.php(412): CodeIgniter\CodeIgniter->runController(Object(App\Controllers\Home))
#5 C:\wamp64\www\codeigniter4\system\CodeIgniter.php(320): CodeIgniter\CodeIgniter->handleRequest(NULL, Object(Config\Cache), false)
#6 C:\wamp64\www\codeigniter4\public\index.php(37): CodeIgniter\CodeIgniter->run()
#7 C:\wamp64\www\codeigniter4\system\Commands\Server\rewrite.php(43): require_once('C:\\wamp64\\www\\c...')
#8 {main}
CRITICAL - 2022-05-04 12:24:00 --> Invalid file: img.php
#0 C:\wamp64\www\codeigniter4\system\View\View.php(198): CodeIgniter\Exceptions\FrameworkException::forInvalidFile('img.php')
#1 C:\wamp64\www\codeigniter4\system\Common.php(1089): CodeIgniter\View\View->render('img', Array, true)
#2 C:\wamp64\www\codeigniter4\app\Controllers\Home.php(19): view('img')
#3 C:\wamp64\www\codeigniter4\system\CodeIgniter.php(825): App\Controllers\Home->page('img', 'cadastrop')
#4 C:\wamp64\www\codeigniter4\system\CodeIgniter.php(412): CodeIgniter\CodeIgniter->runController(Object(App\Controllers\Home))
#5 C:\wamp64\www\codeigniter4\system\CodeIgniter.php(320): CodeIgniter\CodeIgniter->handleRequest(NULL, Object(Config\Cache), false)
#6 C:\wamp64\www\codeigniter4\public\index.php(37): CodeIgniter\CodeIgniter->run()
#7 C:\wamp64\www\codeigniter4\system\Commands\Server\rewrite.php(43): require_once('C:\\wamp64\\www\\c...')
#8 {main}
CRITICAL - 2022-05-04 12:50:09 --> Invalid file: style.css
#0 C:\wamp64\www\codeigniter4\system\View\View.php(198): CodeIgniter\Exceptions\FrameworkException::forInvalidFile('style.css')
#1 C:\wamp64\www\codeigniter4\system\Common.php(1089): CodeIgniter\View\View->render('style.css', Array, true)
#2 C:\wamp64\www\codeigniter4\app\Controllers\Home.php(19): view('style.css')
#3 C:\wamp64\www\codeigniter4\system\CodeIgniter.php(825): App\Controllers\Home->page('style.css')
#4 C:\wamp64\www\codeigniter4\system\CodeIgniter.php(412): CodeIgniter\CodeIgniter->runController(Object(App\Controllers\Home))
#5 C:\wamp64\www\codeigniter4\system\CodeIgniter.php(320): CodeIgniter\CodeIgniter->handleRequest(NULL, Object(Config\Cache), false)
#6 C:\wamp64\www\codeigniter4\public\index.php(37): CodeIgniter\CodeIgniter->run()
#7 C:\wamp64\www\codeigniter4\system\Commands\Server\rewrite.php(43): require_once('C:\\wamp64\\www\\c...')
#8 {main}
CRITICAL - 2022-05-04 12:52:02 --> Invalid file: style.css
#0 C:\wamp64\www\codeigniter4\system\View\View.php(198): CodeIgniter\Exceptions\FrameworkException::forInvalidFile('style.css')
#1 C:\wamp64\www\codeigniter4\system\Common.php(1089): CodeIgniter\View\View->render('style.css', Array, true)
#2 C:\wamp64\www\codeigniter4\app\Controllers\Home.php(19): view('style.css')
#3 C:\wamp64\www\codeigniter4\system\CodeIgniter.php(825): App\Controllers\Home->page('style.css')
#4 C:\wamp64\www\codeigniter4\system\CodeIgniter.php(412): CodeIgniter\CodeIgniter->runController(Object(App\Controllers\Home))
#5 C:\wamp64\www\codeigniter4\system\CodeIgniter.php(320): CodeIgniter\CodeIgniter->handleRequest(NULL, Object(Config\Cache), false)
#6 C:\wamp64\www\codeigniter4\public\index.php(37): CodeIgniter\CodeIgniter->run()
#7 C:\wamp64\www\codeigniter4\system\Commands\Server\rewrite.php(43): require_once('C:\\wamp64\\www\\c...')
#8 {main}
CRITICAL - 2022-05-04 12:52:09 --> Invalid file: style.css
#0 C:\wamp64\www\codeigniter4\system\View\View.php(198): CodeIgniter\Exceptions\FrameworkException::forInvalidFile('style.css')
#1 C:\wamp64\www\codeigniter4\system\Common.php(1089): CodeIgniter\View\View->render('style.css', Array, true)
#2 C:\wamp64\www\codeigniter4\app\Controllers\Home.php(19): view('style.css')
#3 C:\wamp64\www\codeigniter4\system\CodeIgniter.php(825): App\Controllers\Home->page('style.css')
#4 C:\wamp64\www\codeigniter4\system\CodeIgniter.php(412): CodeIgniter\CodeIgniter->runController(Object(App\Controllers\Home))
#5 C:\wamp64\www\codeigniter4\system\CodeIgniter.php(320): CodeIgniter\CodeIgniter->handleRequest(NULL, Object(Config\Cache), false)
#6 C:\wamp64\www\codeigniter4\public\index.php(37): CodeIgniter\CodeIgniter->run()
#7 C:\wamp64\www\codeigniter4\system\Commands\Server\rewrite.php(43): require_once('C:\\wamp64\\www\\c...')
#8 {main}
CRITICAL - 2022-05-04 12:52:49 --> Invalid file: style.css
#0 C:\wamp64\www\codeigniter4\system\View\View.php(198): CodeIgniter\Exceptions\FrameworkException::forInvalidFile('style.css')
#1 C:\wamp64\www\codeigniter4\system\Common.php(1089): CodeIgniter\View\View->render('style.css', Array, true)
#2 C:\wamp64\www\codeigniter4\app\Controllers\Home.php(19): view('style.css')
#3 C:\wamp64\www\codeigniter4\system\CodeIgniter.php(825): App\Controllers\Home->page('style.css')
#4 C:\wamp64\www\codeigniter4\system\CodeIgniter.php(412): CodeIgniter\CodeIgniter->runController(Object(App\Controllers\Home))
#5 C:\wamp64\www\codeigniter4\system\CodeIgniter.php(320): CodeIgniter\CodeIgniter->handleRequest(NULL, Object(Config\Cache), false)
#6 C:\wamp64\www\codeigniter4\public\index.php(37): CodeIgniter\CodeIgniter->run()
#7 C:\wamp64\www\codeigniter4\system\Commands\Server\rewrite.php(43): require_once('C:\\wamp64\\www\\c...')
#8 {main}
CRITICAL - 2022-05-04 12:53:48 --> Invalid file: style.css
#0 C:\wamp64\www\codeigniter4\system\View\View.php(198): CodeIgniter\Exceptions\FrameworkException::forInvalidFile('style.css')
#1 C:\wamp64\www\codeigniter4\system\Common.php(1089): CodeIgniter\View\View->render('style.css', Array, true)
#2 C:\wamp64\www\codeigniter4\app\Controllers\Home.php(19): view('style.css')
#3 C:\wamp64\www\codeigniter4\system\CodeIgniter.php(825): App\Controllers\Home->page('style.css')
#4 C:\wamp64\www\codeigniter4\system\CodeIgniter.php(412): CodeIgniter\CodeIgniter->runController(Object(App\Controllers\Home))
#5 C:\wamp64\www\codeigniter4\system\CodeIgniter.php(320): CodeIgniter\CodeIgniter->handleRequest(NULL, Object(Config\Cache), false)
#6 C:\wamp64\www\codeigniter4\public\index.php(37): CodeIgniter\CodeIgniter->run()
#7 C:\wamp64\www\codeigniter4\system\Commands\Server\rewrite.php(43): require_once('C:\\wamp64\\www\\c...')
#8 {main}
CRITICAL - 2022-05-04 12:53:49 --> Invalid file: style.css
#0 C:\wamp64\www\codeigniter4\system\View\View.php(198): CodeIgniter\Exceptions\FrameworkException::forInvalidFile('style.css')
#1 C:\wamp64\www\codeigniter4\system\Common.php(1089): CodeIgniter\View\View->render('style.css', Array, true)
#2 C:\wamp64\www\codeigniter4\app\Controllers\Home.php(19): view('style.css')
#3 C:\wamp64\www\codeigniter4\system\CodeIgniter.php(825): App\Controllers\Home->page('style.css')
#4 C:\wamp64\www\codeigniter4\system\CodeIgniter.php(412): CodeIgniter\CodeIgniter->runController(Object(App\Controllers\Home))
#5 C:\wamp64\www\codeigniter4\system\CodeIgniter.php(320): CodeIgniter\CodeIgniter->handleRequest(NULL, Object(Config\Cache), false)
#6 C:\wamp64\www\codeigniter4\public\index.php(37): CodeIgniter\CodeIgniter->run()
#7 C:\wamp64\www\codeigniter4\system\Commands\Server\rewrite.php(43): require_once('C:\\wamp64\\www\\c...')
#8 {main}
CRITICAL - 2022-05-04 12:54:05 --> Invalid file: style.css
#0 C:\wamp64\www\codeigniter4\system\View\View.php(198): CodeIgniter\Exceptions\FrameworkException::forInvalidFile('style.css')
#1 C:\wamp64\www\codeigniter4\system\Common.php(1089): CodeIgniter\View\View->render('style.css', Array, true)
#2 C:\wamp64\www\codeigniter4\app\Controllers\Home.php(19): view('style.css')
#3 C:\wamp64\www\codeigniter4\system\CodeIgniter.php(825): App\Controllers\Home->page('style.css')
#4 C:\wamp64\www\codeigniter4\system\CodeIgniter.php(412): CodeIgniter\CodeIgniter->runController(Object(App\Controllers\Home))
#5 C:\wamp64\www\codeigniter4\system\CodeIgniter.php(320): CodeIgniter\CodeIgniter->handleRequest(NULL, Object(Config\Cache), false)
#6 C:\wamp64\www\codeigniter4\public\index.php(37): CodeIgniter\CodeIgniter->run()
#7 C:\wamp64\www\codeigniter4\system\Commands\Server\rewrite.php(43): require_once('C:\\wamp64\\www\\c...')
#8 {main}
CRITICAL - 2022-05-04 12:54:06 --> Invalid file: style.css
#0 C:\wamp64\www\codeigniter4\system\View\View.php(198): CodeIgniter\Exceptions\FrameworkException::forInvalidFile('style.css')
#1 C:\wamp64\www\codeigniter4\system\Common.php(1089): CodeIgniter\View\View->render('style.css', Array, true)
#2 C:\wamp64\www\codeigniter4\app\Controllers\Home.php(19): view('style.css')
#3 C:\wamp64\www\codeigniter4\system\CodeIgniter.php(825): App\Controllers\Home->page('style.css')
#4 C:\wamp64\www\codeigniter4\system\CodeIgniter.php(412): CodeIgniter\CodeIgniter->runController(Object(App\Controllers\Home))
#5 C:\wamp64\www\codeigniter4\system\CodeIgniter.php(320): CodeIgniter\CodeIgniter->handleRequest(NULL, Object(Config\Cache), false)
#6 C:\wamp64\www\codeigniter4\public\index.php(37): CodeIgniter\CodeIgniter->run()
#7 C:\wamp64\www\codeigniter4\system\Commands\Server\rewrite.php(43): require_once('C:\\wamp64\\www\\c...')
#8 {main}
CRITICAL - 2022-05-04 12:54:20 --> Invalid file: style.css
#0 C:\wamp64\www\codeigniter4\system\View\View.php(198): CodeIgniter\Exceptions\FrameworkException::forInvalidFile('style.css')
#1 C:\wamp64\www\codeigniter4\system\Common.php(1089): CodeIgniter\View\View->render('style.css', Array, true)
#2 C:\wamp64\www\codeigniter4\app\Controllers\Home.php(19): view('style.css')
#3 C:\wamp64\www\codeigniter4\system\CodeIgniter.php(825): App\Controllers\Home->page('style.css')
#4 C:\wamp64\www\codeigniter4\system\CodeIgniter.php(412): CodeIgniter\CodeIgniter->runController(Object(App\Controllers\Home))
#5 C:\wamp64\www\codeigniter4\system\CodeIgniter.php(320): CodeIgniter\CodeIgniter->handleRequest(NULL, Object(Config\Cache), false)
#6 C:\wamp64\www\codeigniter4\public\index.php(37): CodeIgniter\CodeIgniter->run()
#7 C:\wamp64\www\codeigniter4\system\Commands\Server\rewrite.php(43): require_once('C:\\wamp64\\www\\c...')
#8 {main}
CRITICAL - 2022-05-04 12:55:01 --> Invalid file: style.css
#0 C:\wamp64\www\codeigniter4\system\View\View.php(198): CodeIgniter\Exceptions\FrameworkException::forInvalidFile('style.css')
#1 C:\wamp64\www\codeigniter4\system\Common.php(1089): CodeIgniter\View\View->render('style.css', Array, true)
#2 C:\wamp64\www\codeigniter4\app\Controllers\Home.php(19): view('style.css')
#3 C:\wamp64\www\codeigniter4\system\CodeIgniter.php(825): App\Controllers\Home->page('style.css')
#4 C:\wamp64\www\codeigniter4\system\CodeIgniter.php(412): CodeIgniter\CodeIgniter->runController(Object(App\Controllers\Home))
#5 C:\wamp64\www\codeigniter4\system\CodeIgniter.php(320): CodeIgniter\CodeIgniter->handleRequest(NULL, Object(Config\Cache), false)
#6 C:\wamp64\www\codeigniter4\public\index.php(37): CodeIgniter\CodeIgniter->run()
#7 C:\wamp64\www\codeigniter4\system\Commands\Server\rewrite.php(43): require_once('C:\\wamp64\\www\\c...')
#8 {main}
CRITICAL - 2022-05-04 12:55:53 --> Invalid file: style.css
#0 C:\wamp64\www\codeigniter4\system\View\View.php(198): CodeIgniter\Exceptions\FrameworkException::forInvalidFile('style.css')
#1 C:\wamp64\www\codeigniter4\system\Common.php(1089): CodeIgniter\View\View->render('style.css', Array, true)
#2 C:\wamp64\www\codeigniter4\app\Controllers\Home.php(19): view('style.css')
#3 C:\wamp64\www\codeigniter4\system\CodeIgniter.php(825): App\Controllers\Home->page('style.css')
#4 C:\wamp64\www\codeigniter4\system\CodeIgniter.php(412): CodeIgniter\CodeIgniter->runController(Object(App\Controllers\Home))
#5 C:\wamp64\www\codeigniter4\system\CodeIgniter.php(320): CodeIgniter\CodeIgniter->handleRequest(NULL, Object(Config\Cache), false)
#6 C:\wamp64\www\codeigniter4\public\index.php(37): CodeIgniter\CodeIgniter->run()
#7 C:\wamp64\www\codeigniter4\system\Commands\Server\rewrite.php(43): require_once('C:\\wamp64\\www\\c...')
#8 {main}
CRITICAL - 2022-05-04 12:55:54 --> Invalid file: style.css
#0 C:\wamp64\www\codeigniter4\system\View\View.php(198): CodeIgniter\Exceptions\FrameworkException::forInvalidFile('style.css')
#1 C:\wamp64\www\codeigniter4\system\Common.php(1089): CodeIgniter\View\View->render('style.css', Array, true)
#2 C:\wamp64\www\codeigniter4\app\Controllers\Home.php(19): view('style.css')
#3 C:\wamp64\www\codeigniter4\system\CodeIgniter.php(825): App\Controllers\Home->page('style.css')
#4 C:\wamp64\www\codeigniter4\system\CodeIgniter.php(412): CodeIgniter\CodeIgniter->runController(Object(App\Controllers\Home))
#5 C:\wamp64\www\codeigniter4\system\CodeIgniter.php(320): CodeIgniter\CodeIgniter->handleRequest(NULL, Object(Config\Cache), false)
#6 C:\wamp64\www\codeigniter4\public\index.php(37): CodeIgniter\CodeIgniter->run()
#7 C:\wamp64\www\codeigniter4\system\Commands\Server\rewrite.php(43): require_once('C:\\wamp64\\www\\c...')
#8 {main}
CRITICAL - 2022-05-04 12:56:28 --> Invalid file: style.css
#0 C:\wamp64\www\codeigniter4\system\View\View.php(198): CodeIgniter\Exceptions\FrameworkException::forInvalidFile('style.css')
#1 C:\wamp64\www\codeigniter4\system\Common.php(1089): CodeIgniter\View\View->render('style.css', Array, true)
#2 C:\wamp64\www\codeigniter4\app\Controllers\Home.php(19): view('style.css')
#3 C:\wamp64\www\codeigniter4\system\CodeIgniter.php(825): App\Controllers\Home->page('style.css')
#4 C:\wamp64\www\codeigniter4\system\CodeIgniter.php(412): CodeIgniter\CodeIgniter->runController(Object(App\Controllers\Home))
#5 C:\wamp64\www\codeigniter4\system\CodeIgniter.php(320): CodeIgniter\CodeIgniter->handleRequest(NULL, Object(Config\Cache), false)
#6 C:\wamp64\www\codeigniter4\public\index.php(37): CodeIgniter\CodeIgniter->run()
#7 C:\wamp64\www\codeigniter4\system\Commands\Server\rewrite.php(43): require_once('C:\\wamp64\\www\\c...')
#8 {main}
CRITICAL - 2022-05-04 12:56:50 --> Invalid file: style.css
#0 C:\wamp64\www\codeigniter4\system\View\View.php(198): CodeIgniter\Exceptions\FrameworkException::forInvalidFile('style.css')
#1 C:\wamp64\www\codeigniter4\system\Common.php(1089): CodeIgniter\View\View->render('style.css', Array, true)
#2 C:\wamp64\www\codeigniter4\app\Controllers\Home.php(19): view('style.css')
#3 C:\wamp64\www\codeigniter4\system\CodeIgniter.php(825): App\Controllers\Home->page('style.css')
#4 C:\wamp64\www\codeigniter4\system\CodeIgniter.php(412): CodeIgniter\CodeIgniter->runController(Object(App\Controllers\Home))
#5 C:\wamp64\www\codeigniter4\system\CodeIgniter.php(320): CodeIgniter\CodeIgniter->handleRequest(NULL, Object(Config\Cache), false)
#6 C:\wamp64\www\codeigniter4\public\index.php(37): CodeIgniter\CodeIgniter->run()
#7 C:\wamp64\www\codeigniter4\system\Commands\Server\rewrite.php(43): require_once('C:\\wamp64\\www\\c...')
#8 {main}
CRITICAL - 2022-05-04 12:56:51 --> Invalid file: style.css
#0 C:\wamp64\www\codeigniter4\system\View\View.php(198): CodeIgniter\Exceptions\FrameworkException::forInvalidFile('style.css')
#1 C:\wamp64\www\codeigniter4\system\Common.php(1089): CodeIgniter\View\View->render('style.css', Array, true)
#2 C:\wamp64\www\codeigniter4\app\Controllers\Home.php(19): view('style.css')
#3 C:\wamp64\www\codeigniter4\system\CodeIgniter.php(825): App\Controllers\Home->page('style.css')
#4 C:\wamp64\www\codeigniter4\system\CodeIgniter.php(412): CodeIgniter\CodeIgniter->runController(Object(App\Controllers\Home))
#5 C:\wamp64\www\codeigniter4\system\CodeIgniter.php(320): CodeIgniter\CodeIgniter->handleRequest(NULL, Object(Config\Cache), false)
#6 C:\wamp64\www\codeigniter4\public\index.php(37): CodeIgniter\CodeIgniter->run()
#7 C:\wamp64\www\codeigniter4\system\Commands\Server\rewrite.php(43): require_once('C:\\wamp64\\www\\c...')
#8 {main}
CRITICAL - 2022-05-04 12:57:45 --> Invalid file: style.css
#0 C:\wamp64\www\codeigniter4\system\View\View.php(198): CodeIgniter\Exceptions\FrameworkException::forInvalidFile('style.css')
#1 C:\wamp64\www\codeigniter4\system\Common.php(1089): CodeIgniter\View\View->render('style.css', Array, true)
#2 C:\wamp64\www\codeigniter4\app\Controllers\Home.php(19): view('style.css')
#3 C:\wamp64\www\codeigniter4\system\CodeIgniter.php(825): App\Controllers\Home->page('style.css')
#4 C:\wamp64\www\codeigniter4\system\CodeIgniter.php(412): CodeIgniter\CodeIgniter->runController(Object(App\Controllers\Home))
#5 C:\wamp64\www\codeigniter4\system\CodeIgniter.php(320): CodeIgniter\CodeIgniter->handleRequest(NULL, Object(Config\Cache), false)
#6 C:\wamp64\www\codeigniter4\public\index.php(37): CodeIgniter\CodeIgniter->run()
#7 C:\wamp64\www\codeigniter4\system\Commands\Server\rewrite.php(43): require_once('C:\\wamp64\\www\\c...')
#8 {main}
CRITICAL - 2022-05-04 12:58:19 --> Invalid file: style.css
#0 C:\wamp64\www\codeigniter4\system\View\View.php(198): CodeIgniter\Exceptions\FrameworkException::forInvalidFile('style.css')
#1 C:\wamp64\www\codeigniter4\system\Common.php(1089): CodeIgniter\View\View->render('style.css', Array, true)
#2 C:\wamp64\www\codeigniter4\app\Controllers\Home.php(19): view('style.css')
#3 C:\wamp64\www\codeigniter4\system\CodeIgniter.php(825): App\Controllers\Home->page('style.css')
#4 C:\wamp64\www\codeigniter4\system\CodeIgniter.php(412): CodeIgniter\CodeIgniter->runController(Object(App\Controllers\Home))
#5 C:\wamp64\www\codeigniter4\system\CodeIgniter.php(320): CodeIgniter\CodeIgniter->handleRequest(NULL, Object(Config\Cache), false)
#6 C:\wamp64\www\codeigniter4\public\index.php(37): CodeIgniter\CodeIgniter->run()
#7 C:\wamp64\www\codeigniter4\system\Commands\Server\rewrite.php(43): require_once('C:\\wamp64\\www\\c...')
#8 {main}
CRITICAL - 2022-05-04 12:58:20 --> Invalid file: style.css
#0 C:\wamp64\www\codeigniter4\system\View\View.php(198): CodeIgniter\Exceptions\FrameworkException::forInvalidFile('style.css')
#1 C:\wamp64\www\codeigniter4\system\Common.php(1089): CodeIgniter\View\View->render('style.css', Array, true)
#2 C:\wamp64\www\codeigniter4\app\Controllers\Home.php(19): view('style.css')
#3 C:\wamp64\www\codeigniter4\system\CodeIgniter.php(825): App\Controllers\Home->page('style.css')
#4 C:\wamp64\www\codeigniter4\system\CodeIgniter.php(412): CodeIgniter\CodeIgniter->runController(Object(App\Controllers\Home))
#5 C:\wamp64\www\codeigniter4\system\CodeIgniter.php(320): CodeIgniter\CodeIgniter->handleRequest(NULL, Object(Config\Cache), false)
#6 C:\wamp64\www\codeigniter4\public\index.php(37): CodeIgniter\CodeIgniter->run()
#7 C:\wamp64\www\codeigniter4\system\Commands\Server\rewrite.php(43): require_once('C:\\wamp64\\www\\c...')
#8 {main}
CRITICAL - 2022-05-04 12:58:43 --> Invalid file: style.css
#0 C:\wamp64\www\codeigniter4\system\View\View.php(198): CodeIgniter\Exceptions\FrameworkException::forInvalidFile('style.css')
#1 C:\wamp64\www\codeigniter4\system\Common.php(1089): CodeIgniter\View\View->render('style.css', Array, true)
#2 C:\wamp64\www\codeigniter4\app\Controllers\Home.php(19): view('style.css')
#3 C:\wamp64\www\codeigniter4\system\CodeIgniter.php(825): App\Controllers\Home->page('style.css')
#4 C:\wamp64\www\codeigniter4\system\CodeIgniter.php(412): CodeIgniter\CodeIgniter->runController(Object(App\Controllers\Home))
#5 C:\wamp64\www\codeigniter4\system\CodeIgniter.php(320): CodeIgniter\CodeIgniter->handleRequest(NULL, Object(Config\Cache), false)
#6 C:\wamp64\www\codeigniter4\public\index.php(37): CodeIgniter\CodeIgniter->run()
#7 C:\wamp64\www\codeigniter4\system\Commands\Server\rewrite.php(43): require_once('C:\\wamp64\\www\\c...')
#8 {main}
CRITICAL - 2022-05-04 12:58:43 --> Invalid file: style.css
#0 C:\wamp64\www\codeigniter4\system\View\View.php(198): CodeIgniter\Exceptions\FrameworkException::forInvalidFile('style.css')
#1 C:\wamp64\www\codeigniter4\system\Common.php(1089): CodeIgniter\View\View->render('style.css', Array, true)
#2 C:\wamp64\www\codeigniter4\app\Controllers\Home.php(19): view('style.css')
#3 C:\wamp64\www\codeigniter4\system\CodeIgniter.php(825): App\Controllers\Home->page('style.css')
#4 C:\wamp64\www\codeigniter4\system\CodeIgniter.php(412): CodeIgniter\CodeIgniter->runController(Object(App\Controllers\Home))
#5 C:\wamp64\www\codeigniter4\system\CodeIgniter.php(320): CodeIgniter\CodeIgniter->handleRequest(NULL, Object(Config\Cache), false)
#6 C:\wamp64\www\codeigniter4\public\index.php(37): CodeIgniter\CodeIgniter->run()
#7 C:\wamp64\www\codeigniter4\system\Commands\Server\rewrite.php(43): require_once('C:\\wamp64\\www\\c...')
#8 {main}
CRITICAL - 2022-05-04 13:00:24 --> Invalid file: style.css
#0 C:\wamp64\www\codeigniter4\system\View\View.php(198): CodeIgniter\Exceptions\FrameworkException::forInvalidFile('style.css')
#1 C:\wamp64\www\codeigniter4\system\Common.php(1089): CodeIgniter\View\View->render('style.css', Array, true)
#2 C:\wamp64\www\codeigniter4\app\Controllers\Home.php(19): view('style.css')
#3 C:\wamp64\www\codeigniter4\system\CodeIgniter.php(825): App\Controllers\Home->page('style.css')
#4 C:\wamp64\www\codeigniter4\system\CodeIgniter.php(412): CodeIgniter\CodeIgniter->runController(Object(App\Controllers\Home))
#5 C:\wamp64\www\codeigniter4\system\CodeIgniter.php(320): CodeIgniter\CodeIgniter->handleRequest(NULL, Object(Config\Cache), false)
#6 C:\wamp64\www\codeigniter4\public\index.php(37): CodeIgniter\CodeIgniter->run()
#7 C:\wamp64\www\codeigniter4\system\Commands\Server\rewrite.php(43): require_once('C:\\wamp64\\www\\c...')
#8 {main}
CRITICAL - 2022-05-04 13:01:13 --> Invalid file: style.css
#0 C:\wamp64\www\codeigniter4\system\View\View.php(198): CodeIgniter\Exceptions\FrameworkException::forInvalidFile('style.css')
#1 C:\wamp64\www\codeigniter4\system\Common.php(1089): CodeIgniter\View\View->render('style.css', Array, true)
#2 C:\wamp64\www\codeigniter4\app\Controllers\Home.php(19): view('style.css')
#3 C:\wamp64\www\codeigniter4\system\CodeIgniter.php(825): App\Controllers\Home->page('style.css')
#4 C:\wamp64\www\codeigniter4\system\CodeIgniter.php(412): CodeIgniter\CodeIgniter->runController(Object(App\Controllers\Home))
#5 C:\wamp64\www\codeigniter4\system\CodeIgniter.php(320): CodeIgniter\CodeIgniter->handleRequest(NULL, Object(Config\Cache), false)
#6 C:\wamp64\www\codeigniter4\public\index.php(37): CodeIgniter\CodeIgniter->run()
#7 C:\wamp64\www\codeigniter4\system\Commands\Server\rewrite.php(43): require_once('C:\\wamp64\\www\\c...')
#8 {main}
CRITICAL - 2022-05-04 13:02:22 --> Invalid file: style.css
#0 C:\wamp64\www\codeigniter4\system\View\View.php(198): CodeIgniter\Exceptions\FrameworkException::forInvalidFile('style.css')
#1 C:\wamp64\www\codeigniter4\system\Common.php(1089): CodeIgniter\View\View->render('style.css', Array, true)
#2 C:\wamp64\www\codeigniter4\app\Controllers\Home.php(19): view('style.css')
#3 C:\wamp64\www\codeigniter4\system\CodeIgniter.php(825): App\Controllers\Home->page('style.css')
#4 C:\wamp64\www\codeigniter4\system\CodeIgniter.php(412): CodeIgniter\CodeIgniter->runController(Object(App\Controllers\Home))
#5 C:\wamp64\www\codeigniter4\system\CodeIgniter.php(320): CodeIgniter\CodeIgniter->handleRequest(NULL, Object(Config\Cache), false)
#6 C:\wamp64\www\codeigniter4\public\index.php(37): CodeIgniter\CodeIgniter->run()
#7 C:\wamp64\www\codeigniter4\system\Commands\Server\rewrite.php(43): require_once('C:\\wamp64\\www\\c...')
#8 {main}
