CRITICAL - 2022-05-25 12:13:07 --> Invalid file: cadastrar.php
#0 C:\wamp64\www\codeigniter4\system\View\View.php(198): CodeIgniter\Exceptions\FrameworkException::forInvalidFile('cadastrar.php')
#1 C:\wamp64\www\codeigniter4\system\Common.php(1089): CodeIgniter\View\View->render('cadastrar', Array, true)
#2 C:\wamp64\www\codeigniter4\app\Controllers\Home.php(19): view('cadastrar')
#3 C:\wamp64\www\codeigniter4\system\CodeIgniter.php(825): App\Controllers\Home->page('cadastrar')
#4 C:\wamp64\www\codeigniter4\system\CodeIgniter.php(412): CodeIgniter\CodeIgniter->runController(Object(App\Controllers\Home))
#5 C:\wamp64\www\codeigniter4\system\CodeIgniter.php(320): CodeIgniter\CodeIgniter->handleRequest(NULL, Object(Config\Cache), false)
#6 C:\wamp64\www\codeigniter4\public\index.php(37): CodeIgniter\CodeIgniter->run()
#7 C:\wamp64\www\codeigniter4\system\Commands\Server\rewrite.php(43): require_once('C:\\wamp64\\www\\c...')
#8 {main}
ERROR - 2022-05-25 12:25:42 --> Unknown column 'nome' in 'field list'
ERROR - 2022-05-25 12:25:42 --> Unknown column 'nome' in 'field list'
ERROR - 2022-05-25 12:25:42 --> Unknown column 'nome' in 'field list'
ERROR - 2022-05-25 12:25:42 --> Unknown column 'nome' in 'field list'
ERROR - 2022-05-25 12:25:42 --> Unknown column 'nome' in 'field list'
ERROR - 2022-05-25 12:27:30 --> Unknown column 'nome' in 'field list'
ERROR - 2022-05-25 12:27:30 --> Unknown column 'nome' in 'field list'
ERROR - 2022-05-25 12:27:30 --> Unknown column 'nome' in 'field list'
ERROR - 2022-05-25 12:27:30 --> Unknown column 'nome' in 'field list'
ERROR - 2022-05-25 12:27:30 --> Unknown column 'nome' in 'field list'
ERROR - 2022-05-25 12:31:56 --> Unknown column 'nome' in 'field list'
ERROR - 2022-05-25 12:31:56 --> Unknown column 'nome' in 'field list'
ERROR - 2022-05-25 12:31:56 --> Unknown column 'nome' in 'field list'
ERROR - 2022-05-25 12:31:56 --> Unknown column 'nome' in 'field list'
ERROR - 2022-05-25 12:31:56 --> Unknown column 'nome' in 'field list'
ERROR - 2022-05-25 12:32:47 --> Unknown column 'nome' in 'field list'
ERROR - 2022-05-25 12:32:47 --> Unknown column 'nome' in 'field list'
ERROR - 2022-05-25 12:32:47 --> Unknown column 'nome' in 'field list'
ERROR - 2022-05-25 12:32:47 --> Unknown column 'nome' in 'field list'
ERROR - 2022-05-25 12:32:47 --> Unknown column 'nome' in 'field list'
ERROR - 2022-05-25 12:34:23 --> You have an error in your SQL syntax; check the manual that corresponds to your MySQL server version for the right syntax to use near '0, 1, 2, 3, 4) VALUES (:0:, :1:, :2:, :3:, :4:)' at line 1
ERROR - 2022-05-25 12:34:23 --> You have an error in your SQL syntax; check the manual that corresponds to your MySQL server version for the right syntax to use near '0, 1, 2, 3, 4) VALUES (:0:, :1:, :2:, :3:, :4:)' at line 1
ERROR - 2022-05-25 12:34:23 --> You have an error in your SQL syntax; check the manual that corresponds to your MySQL server version for the right syntax to use near '0, 1, 2, 3, 4) VALUES (:0:, :1:, :2:, :3:, :4:)' at line 1
ERROR - 2022-05-25 12:34:23 --> You have an error in your SQL syntax; check the manual that corresponds to your MySQL server version for the right syntax to use near '0, 1, 2, 3, 4) VALUES (:0:, :1:, :2:, :3:, :4:)' at line 1
ERROR - 2022-05-25 12:34:23 --> You have an error in your SQL syntax; check the manual that corresponds to your MySQL server version for the right syntax to use near '0, 1, 2, 3, 4) VALUES (:0:, :1:, :2:, :3:, :4:)' at line 1
ERROR - 2022-05-25 12:35:31 --> Unknown column 'nome' in 'field list'
ERROR - 2022-05-25 12:35:31 --> Unknown column 'nome' in 'field list'
ERROR - 2022-05-25 12:35:31 --> Unknown column 'nome' in 'field list'
ERROR - 2022-05-25 12:35:31 --> Unknown column 'nome' in 'field list'
ERROR - 2022-05-25 12:35:31 --> Unknown column 'nome' in 'field list'
ERROR - 2022-05-25 12:35:58 --> Unknown column 'nome' in 'field list'
ERROR - 2022-05-25 12:35:58 --> Unknown column 'nome' in 'field list'
ERROR - 2022-05-25 12:35:58 --> Unknown column 'nome' in 'field list'
ERROR - 2022-05-25 12:35:58 --> Unknown column 'nome' in 'field list'
ERROR - 2022-05-25 12:35:58 --> Unknown column 'nome' in 'field list'
ERROR - 2022-05-25 12:37:12 --> Unknown column 'nome' in 'field list'
ERROR - 2022-05-25 12:37:12 --> Unknown column 'nome' in 'field list'
ERROR - 2022-05-25 12:37:12 --> Unknown column 'nome' in 'field list'
ERROR - 2022-05-25 12:37:12 --> Unknown column 'nome' in 'field list'
ERROR - 2022-05-25 12:37:12 --> Unknown column 'nome' in 'field list'
ERROR - 2022-05-25 12:41:27 --> Unknown column 'nome' in 'field list'
ERROR - 2022-05-25 12:41:27 --> Unknown column 'nome' in 'field list'
ERROR - 2022-05-25 12:41:27 --> Unknown column 'nome' in 'field list'
ERROR - 2022-05-25 12:41:27 --> Unknown column 'nome' in 'field list'
ERROR - 2022-05-25 12:41:27 --> Unknown column 'nome' in 'field list'
ERROR - 2022-05-25 12:42:27 --> Unknown column 'modelos' in 'field list'
ERROR - 2022-05-25 12:42:27 --> Unknown column 'modelos' in 'field list'
ERROR - 2022-05-25 12:42:27 --> Unknown column 'modelos' in 'field list'
ERROR - 2022-05-25 12:42:27 --> Unknown column 'modelos' in 'field list'
ERROR - 2022-05-25 12:42:27 --> Unknown column 'modelos' in 'field list'
ERROR - 2022-05-25 12:43:06 --> Unknown column 'modelos' in 'field list'
ERROR - 2022-05-25 12:43:06 --> Unknown column 'modelos' in 'field list'
ERROR - 2022-05-25 12:43:06 --> Unknown column 'modelos' in 'field list'
ERROR - 2022-05-25 12:43:06 --> Unknown column 'modelos' in 'field list'
ERROR - 2022-05-25 12:43:06 --> Unknown column 'modelos' in 'field list'
ERROR - 2022-05-25 12:43:38 --> Unknown column 'modelos' in 'field list'
ERROR - 2022-05-25 12:43:38 --> Unknown column 'modelos' in 'field list'
ERROR - 2022-05-25 12:43:38 --> Unknown column 'modelos' in 'field list'
ERROR - 2022-05-25 12:43:38 --> Unknown column 'modelos' in 'field list'
ERROR - 2022-05-25 12:43:38 --> Unknown column 'modelos' in 'field list'
CRITICAL - 2022-05-25 12:59:24 --> Invalid file: veiculo.php
#0 C:\wamp64\www\codeigniter4\system\View\View.php(198): CodeIgniter\Exceptions\FrameworkException::forInvalidFile('veiculo.php')
#1 C:\wamp64\www\codeigniter4\system\Common.php(1089): CodeIgniter\View\View->render('veiculo', Array, true)
#2 C:\wamp64\www\codeigniter4\app\Controllers\Home.php(19): view('veiculo')
#3 C:\wamp64\www\codeigniter4\system\CodeIgniter.php(825): App\Controllers\Home->page('veiculo')
#4 C:\wamp64\www\codeigniter4\system\CodeIgniter.php(412): CodeIgniter\CodeIgniter->runController(Object(App\Controllers\Home))
#5 C:\wamp64\www\codeigniter4\system\CodeIgniter.php(320): CodeIgniter\CodeIgniter->handleRequest(NULL, Object(Config\Cache), false)
#6 C:\wamp64\www\codeigniter4\public\index.php(37): CodeIgniter\CodeIgniter->run()
#7 C:\wamp64\www\codeigniter4\system\Commands\Server\rewrite.php(43): require_once('C:\\wamp64\\www\\c...')
#8 {main}
CRITICAL - 2022-05-25 12:59:30 --> Invalid file: veiculos.php
#0 C:\wamp64\www\codeigniter4\system\View\View.php(198): CodeIgniter\Exceptions\FrameworkException::forInvalidFile('veiculos.php')
#1 C:\wamp64\www\codeigniter4\system\Common.php(1089): CodeIgniter\View\View->render('veiculos', Array, true)
#2 C:\wamp64\www\codeigniter4\app\Controllers\Home.php(19): view('veiculos')
#3 C:\wamp64\www\codeigniter4\system\CodeIgniter.php(825): App\Controllers\Home->page('veiculos')
#4 C:\wamp64\www\codeigniter4\system\CodeIgniter.php(412): CodeIgniter\CodeIgniter->runController(Object(App\Controllers\Home))
#5 C:\wamp64\www\codeigniter4\system\CodeIgniter.php(320): CodeIgniter\CodeIgniter->handleRequest(NULL, Object(Config\Cache), false)
#6 C:\wamp64\www\codeigniter4\public\index.php(37): CodeIgniter\CodeIgniter->run()
#7 C:\wamp64\www\codeigniter4\system\Commands\Server\rewrite.php(43): require_once('C:\\wamp64\\www\\c...')
#8 {main}
CRITICAL - 2022-05-25 13:01:15 --> Class 'App\Controllers\VeiculosModel' not found
#0 C:\wamp64\www\codeigniter4\system\CodeIgniter.php(825): App\Controllers\Home->veiculos()
#1 C:\wamp64\www\codeigniter4\system\CodeIgniter.php(412): CodeIgniter\CodeIgniter->runController(Object(App\Controllers\Home))
#2 C:\wamp64\www\codeigniter4\system\CodeIgniter.php(320): CodeIgniter\CodeIgniter->handleRequest(NULL, Object(Config\Cache), false)
#3 C:\wamp64\www\codeigniter4\public\index.php(37): CodeIgniter\CodeIgniter->run()
#4 C:\wamp64\www\codeigniter4\system\Commands\Server\rewrite.php(43): require_once('C:\\wamp64\\www\\c...')
#5 {main}
CRITICAL - 2022-05-25 13:01:18 --> Invalid file: veiculos.php
#0 C:\wamp64\www\codeigniter4\system\View\View.php(198): CodeIgniter\Exceptions\FrameworkException::forInvalidFile('veiculos.php')
#1 C:\wamp64\www\codeigniter4\system\Common.php(1089): CodeIgniter\View\View->render('veiculos', Array, true)
#2 C:\wamp64\www\codeigniter4\app\Controllers\Home.php(19): view('veiculos')
#3 C:\wamp64\www\codeigniter4\system\CodeIgniter.php(825): App\Controllers\Home->page('veiculos')
#4 C:\wamp64\www\codeigniter4\system\CodeIgniter.php(412): CodeIgniter\CodeIgniter->runController(Object(App\Controllers\Home))
#5 C:\wamp64\www\codeigniter4\system\CodeIgniter.php(320): CodeIgniter\CodeIgniter->handleRequest(NULL, Object(Config\Cache), false)
#6 C:\wamp64\www\codeigniter4\public\index.php(37): CodeIgniter\CodeIgniter->run()
#7 C:\wamp64\www\codeigniter4\system\Commands\Server\rewrite.php(43): require_once('C:\\wamp64\\www\\c...')
#8 {main}
CRITICAL - 2022-05-25 13:01:21 --> Class 'App\Controllers\VeiculosModel' not found
#0 C:\wamp64\www\codeigniter4\system\CodeIgniter.php(825): App\Controllers\Home->veiculos()
#1 C:\wamp64\www\codeigniter4\system\CodeIgniter.php(412): CodeIgniter\CodeIgniter->runController(Object(App\Controllers\Home))
#2 C:\wamp64\www\codeigniter4\system\CodeIgniter.php(320): CodeIgniter\CodeIgniter->handleRequest(NULL, Object(Config\Cache), false)
#3 C:\wamp64\www\codeigniter4\public\index.php(37): CodeIgniter\CodeIgniter->run()
#4 C:\wamp64\www\codeigniter4\system\Commands\Server\rewrite.php(43): require_once('C:\\wamp64\\www\\c...')
#5 {main}
CRITICAL - 2022-05-25 13:01:34 --> Class 'App\Controllers\VeiculosModel' not found
#0 C:\wamp64\www\codeigniter4\system\CodeIgniter.php(825): App\Controllers\Home->veiculos()
#1 C:\wamp64\www\codeigniter4\system\CodeIgniter.php(412): CodeIgniter\CodeIgniter->runController(Object(App\Controllers\Home))
#2 C:\wamp64\www\codeigniter4\system\CodeIgniter.php(320): CodeIgniter\CodeIgniter->handleRequest(NULL, Object(Config\Cache), false)
#3 C:\wamp64\www\codeigniter4\public\index.php(37): CodeIgniter\CodeIgniter->run()
#4 C:\wamp64\www\codeigniter4\system\Commands\Server\rewrite.php(43): require_once('C:\\wamp64\\www\\c...')
#5 {main}
CRITICAL - 2022-05-25 13:04:16 --> Class 'App\Controllers\VeiculosModel' not found
#0 C:\wamp64\www\codeigniter4\system\CodeIgniter.php(825): App\Controllers\Home->veiculos()
#1 C:\wamp64\www\codeigniter4\system\CodeIgniter.php(412): CodeIgniter\CodeIgniter->runController(Object(App\Controllers\Home))
#2 C:\wamp64\www\codeigniter4\system\CodeIgniter.php(320): CodeIgniter\CodeIgniter->handleRequest(NULL, Object(Config\Cache), false)
#3 C:\wamp64\www\codeigniter4\public\index.php(37): CodeIgniter\CodeIgniter->run()
#4 C:\wamp64\www\codeigniter4\system\Commands\Server\rewrite.php(43): require_once('C:\\wamp64\\www\\c...')
#5 {main}
CRITICAL - 2022-05-25 13:04:17 --> Class 'App\Controllers\VeiculosModel' not found
#0 C:\wamp64\www\codeigniter4\system\CodeIgniter.php(825): App\Controllers\Home->veiculos()
#1 C:\wamp64\www\codeigniter4\system\CodeIgniter.php(412): CodeIgniter\CodeIgniter->runController(Object(App\Controllers\Home))
#2 C:\wamp64\www\codeigniter4\system\CodeIgniter.php(320): CodeIgniter\CodeIgniter->handleRequest(NULL, Object(Config\Cache), false)
#3 C:\wamp64\www\codeigniter4\public\index.php(37): CodeIgniter\CodeIgniter->run()
#4 C:\wamp64\www\codeigniter4\system\Commands\Server\rewrite.php(43): require_once('C:\\wamp64\\www\\c...')
#5 {main}
CRITICAL - 2022-05-25 13:04:24 --> Class 'App\Controllers\VeiculosModel' not found
#0 C:\wamp64\www\codeigniter4\system\CodeIgniter.php(825): App\Controllers\Home->veiculos()
#1 C:\wamp64\www\codeigniter4\system\CodeIgniter.php(412): CodeIgniter\CodeIgniter->runController(Object(App\Controllers\Home))
#2 C:\wamp64\www\codeigniter4\system\CodeIgniter.php(320): CodeIgniter\CodeIgniter->handleRequest(NULL, Object(Config\Cache), false)
#3 C:\wamp64\www\codeigniter4\public\index.php(37): CodeIgniter\CodeIgniter->run()
#4 C:\wamp64\www\codeigniter4\system\Commands\Server\rewrite.php(43): require_once('C:\\wamp64\\www\\c...')
#5 {main}
CRITICAL - 2022-05-25 13:04:33 --> Invalid file: veiculos.php
#0 C:\wamp64\www\codeigniter4\system\View\View.php(198): CodeIgniter\Exceptions\FrameworkException::forInvalidFile('veiculos.php')
#1 C:\wamp64\www\codeigniter4\system\Common.php(1089): CodeIgniter\View\View->render('veiculos', Array, true)
#2 C:\wamp64\www\codeigniter4\app\Controllers\Home.php(19): view('veiculos')
#3 C:\wamp64\www\codeigniter4\system\CodeIgniter.php(825): App\Controllers\Home->page('veiculos')
#4 C:\wamp64\www\codeigniter4\system\CodeIgniter.php(412): CodeIgniter\CodeIgniter->runController(Object(App\Controllers\Home))
#5 C:\wamp64\www\codeigniter4\system\CodeIgniter.php(320): CodeIgniter\CodeIgniter->handleRequest(NULL, Object(Config\Cache), false)
#6 C:\wamp64\www\codeigniter4\public\index.php(37): CodeIgniter\CodeIgniter->run()
#7 C:\wamp64\www\codeigniter4\system\Commands\Server\rewrite.php(43): require_once('C:\\wamp64\\www\\c...')
#8 {main}
CRITICAL - 2022-05-25 13:04:37 --> Class 'App\Controllers\VeiculosModel' not found
#0 C:\wamp64\www\codeigniter4\system\CodeIgniter.php(825): App\Controllers\Home->veiculos()
#1 C:\wamp64\www\codeigniter4\system\CodeIgniter.php(412): CodeIgniter\CodeIgniter->runController(Object(App\Controllers\Home))
#2 C:\wamp64\www\codeigniter4\system\CodeIgniter.php(320): CodeIgniter\CodeIgniter->handleRequest(NULL, Object(Config\Cache), false)
#3 C:\wamp64\www\codeigniter4\public\index.php(37): CodeIgniter\CodeIgniter->run()
#4 C:\wamp64\www\codeigniter4\system\Commands\Server\rewrite.php(43): require_once('C:\\wamp64\\www\\c...')
#5 {main}
CRITICAL - 2022-05-25 13:04:40 --> Class 'App\Controllers\VeiculosModel' not found
#0 C:\wamp64\www\codeigniter4\system\CodeIgniter.php(825): App\Controllers\Home->veiculos()
#1 C:\wamp64\www\codeigniter4\system\CodeIgniter.php(412): CodeIgniter\CodeIgniter->runController(Object(App\Controllers\Home))
#2 C:\wamp64\www\codeigniter4\system\CodeIgniter.php(320): CodeIgniter\CodeIgniter->handleRequest(NULL, Object(Config\Cache), false)
#3 C:\wamp64\www\codeigniter4\public\index.php(37): CodeIgniter\CodeIgniter->run()
#4 C:\wamp64\www\codeigniter4\system\Commands\Server\rewrite.php(43): require_once('C:\\wamp64\\www\\c...')
#5 {main}
CRITICAL - 2022-05-25 13:04:43 --> Class 'App\Controllers\VeiculosModel' not found
#0 C:\wamp64\www\codeigniter4\system\CodeIgniter.php(825): App\Controllers\Home->veiculos()
#1 C:\wamp64\www\codeigniter4\system\CodeIgniter.php(412): CodeIgniter\CodeIgniter->runController(Object(App\Controllers\Home))
#2 C:\wamp64\www\codeigniter4\system\CodeIgniter.php(320): CodeIgniter\CodeIgniter->handleRequest(NULL, Object(Config\Cache), false)
#3 C:\wamp64\www\codeigniter4\public\index.php(37): CodeIgniter\CodeIgniter->run()
#4 C:\wamp64\www\codeigniter4\system\Commands\Server\rewrite.php(43): require_once('C:\\wamp64\\www\\c...')
#5 {main}
CRITICAL - 2022-05-25 13:05:08 --> Class 'App\Controllers\VeiculosModel' not found
#0 C:\wamp64\www\codeigniter4\system\CodeIgniter.php(825): App\Controllers\Home->veiculos()
#1 C:\wamp64\www\codeigniter4\system\CodeIgniter.php(412): CodeIgniter\CodeIgniter->runController(Object(App\Controllers\Home))
#2 C:\wamp64\www\codeigniter4\system\CodeIgniter.php(320): CodeIgniter\CodeIgniter->handleRequest(NULL, Object(Config\Cache), false)
#3 C:\wamp64\www\codeigniter4\public\index.php(37): CodeIgniter\CodeIgniter->run()
#4 C:\wamp64\www\codeigniter4\system\Commands\Server\rewrite.php(43): require_once('C:\\wamp64\\www\\c...')
#5 {main}
CRITICAL - 2022-05-25 13:05:10 --> Invalid file: veiculos.php
#0 C:\wamp64\www\codeigniter4\system\View\View.php(198): CodeIgniter\Exceptions\FrameworkException::forInvalidFile('veiculos.php')
#1 C:\wamp64\www\codeigniter4\system\Common.php(1089): CodeIgniter\View\View->render('veiculos', Array, true)
#2 C:\wamp64\www\codeigniter4\app\Controllers\Home.php(19): view('veiculos')
#3 C:\wamp64\www\codeigniter4\system\CodeIgniter.php(825): App\Controllers\Home->page('veiculos')
#4 C:\wamp64\www\codeigniter4\system\CodeIgniter.php(412): CodeIgniter\CodeIgniter->runController(Object(App\Controllers\Home))
#5 C:\wamp64\www\codeigniter4\system\CodeIgniter.php(320): CodeIgniter\CodeIgniter->handleRequest(NULL, Object(Config\Cache), false)
#6 C:\wamp64\www\codeigniter4\public\index.php(37): CodeIgniter\CodeIgniter->run()
#7 C:\wamp64\www\codeigniter4\system\Commands\Server\rewrite.php(43): require_once('C:\\wamp64\\www\\c...')
#8 {main}
