CRITICAL - 2022-05-11 11:48:40 --> Invalid file: pessoas.php
#0 C:\wamp64\www\codeigniter4\system\View\View.php(198): CodeIgniter\Exceptions\FrameworkException::forInvalidFile('pessoas.php')
#1 C:\wamp64\www\codeigniter4\system\Common.php(1089): CodeIgniter\View\View->render('pessoas', Array, true)
#2 C:\wamp64\www\codeigniter4\app\Controllers\Home.php(19): view('pessoas')
#3 C:\wamp64\www\codeigniter4\system\CodeIgniter.php(825): App\Controllers\Home->page('pessoas')
#4 C:\wamp64\www\codeigniter4\system\CodeIgniter.php(412): CodeIgniter\CodeIgniter->runController(Object(App\Controllers\Home))
#5 C:\wamp64\www\codeigniter4\system\CodeIgniter.php(320): CodeIgniter\CodeIgniter->handleRequest(NULL, Object(Config\Cache), false)
#6 C:\wamp64\www\codeigniter4\public\index.php(37): CodeIgniter\CodeIgniter->run()
#7 C:\wamp64\www\codeigniter4\system\Commands\Server\rewrite.php(43): require_once('C:\\wamp64\\www\\c...')
#8 {main}
CRITICAL - 2022-05-11 12:00:30 --> Invalid file: style.css
#0 C:\wamp64\www\codeigniter4\system\View\View.php(198): CodeIgniter\Exceptions\FrameworkException::forInvalidFile('style.css')
#1 C:\wamp64\www\codeigniter4\system\Common.php(1089): CodeIgniter\View\View->render('style.css', Array, true)
#2 C:\wamp64\www\codeigniter4\app\Controllers\Home.php(19): view('style.css')
#3 C:\wamp64\www\codeigniter4\system\CodeIgniter.php(825): App\Controllers\Home->page('style.css')
#4 C:\wamp64\www\codeigniter4\system\CodeIgniter.php(412): CodeIgniter\CodeIgniter->runController(Object(App\Controllers\Home))
#5 C:\wamp64\www\codeigniter4\system\CodeIgniter.php(320): CodeIgniter\CodeIgniter->handleRequest(NULL, Object(Config\Cache), false)
#6 C:\wamp64\www\codeigniter4\public\index.php(37): CodeIgniter\CodeIgniter->run()
#7 C:\wamp64\www\codeigniter4\system\Commands\Server\rewrite.php(43): require_once('C:\\wamp64\\www\\c...')
#8 {main}
CRITICAL - 2022-05-11 12:00:33 --> Invalid file: style.css
#0 C:\wamp64\www\codeigniter4\system\View\View.php(198): CodeIgniter\Exceptions\FrameworkException::forInvalidFile('style.css')
#1 C:\wamp64\www\codeigniter4\system\Common.php(1089): CodeIgniter\View\View->render('style.css', Array, true)
#2 C:\wamp64\www\codeigniter4\app\Controllers\Home.php(19): view('style.css')
#3 C:\wamp64\www\codeigniter4\system\CodeIgniter.php(825): App\Controllers\Home->page('style.css')
#4 C:\wamp64\www\codeigniter4\system\CodeIgniter.php(412): CodeIgniter\CodeIgniter->runController(Object(App\Controllers\Home))
#5 C:\wamp64\www\codeigniter4\system\CodeIgniter.php(320): CodeIgniter\CodeIgniter->handleRequest(NULL, Object(Config\Cache), false)
#6 C:\wamp64\www\codeigniter4\public\index.php(37): CodeIgniter\CodeIgniter->run()
#7 C:\wamp64\www\codeigniter4\system\Commands\Server\rewrite.php(43): require_once('C:\\wamp64\\www\\c...')
#8 {main}
CRITICAL - 2022-05-11 12:16:25 --> Too few arguments to function App\Models\PessoasModel::getPessoa(), 0 passed in C:\wamp64\www\codeigniter4\app\Controllers\Home.php on line 61 and exactly 1 expected
#0 C:\wamp64\www\codeigniter4\app\Controllers\Home.php(61): App\Models\PessoasModel->getPessoa()
#1 C:\wamp64\www\codeigniter4\system\CodeIgniter.php(825): App\Controllers\Home->editar('2')
#2 C:\wamp64\www\codeigniter4\system\CodeIgniter.php(412): CodeIgniter\CodeIgniter->runController(Object(App\Controllers\Home))
#3 C:\wamp64\www\codeigniter4\system\CodeIgniter.php(320): CodeIgniter\CodeIgniter->handleRequest(NULL, Object(Config\Cache), false)
#4 C:\wamp64\www\codeigniter4\public\index.php(37): CodeIgniter\CodeIgniter->run()
#5 C:\wamp64\www\codeigniter4\system\Commands\Server\rewrite.php(43): require_once('C:\\wamp64\\www\\c...')
#6 {main}
CRITICAL - 2022-05-11 12:16:29 --> Too few arguments to function App\Models\PessoasModel::getPessoa(), 0 passed in C:\wamp64\www\codeigniter4\app\Controllers\Home.php on line 61 and exactly 1 expected
#0 C:\wamp64\www\codeigniter4\app\Controllers\Home.php(61): App\Models\PessoasModel->getPessoa()
#1 C:\wamp64\www\codeigniter4\system\CodeIgniter.php(825): App\Controllers\Home->editar('3')
#2 C:\wamp64\www\codeigniter4\system\CodeIgniter.php(412): CodeIgniter\CodeIgniter->runController(Object(App\Controllers\Home))
#3 C:\wamp64\www\codeigniter4\system\CodeIgniter.php(320): CodeIgniter\CodeIgniter->handleRequest(NULL, Object(Config\Cache), false)
#4 C:\wamp64\www\codeigniter4\public\index.php(37): CodeIgniter\CodeIgniter->run()
#5 C:\wamp64\www\codeigniter4\system\Commands\Server\rewrite.php(43): require_once('C:\\wamp64\\www\\c...')
#6 {main}
CRITICAL - 2022-05-11 12:16:32 --> Too few arguments to function App\Models\PessoasModel::getPessoa(), 0 passed in C:\wamp64\www\codeigniter4\app\Controllers\Home.php on line 61 and exactly 1 expected
#0 C:\wamp64\www\codeigniter4\app\Controllers\Home.php(61): App\Models\PessoasModel->getPessoa()
#1 C:\wamp64\www\codeigniter4\system\CodeIgniter.php(825): App\Controllers\Home->editar('2')
#2 C:\wamp64\www\codeigniter4\system\CodeIgniter.php(412): CodeIgniter\CodeIgniter->runController(Object(App\Controllers\Home))
#3 C:\wamp64\www\codeigniter4\system\CodeIgniter.php(320): CodeIgniter\CodeIgniter->handleRequest(NULL, Object(Config\Cache), false)
#4 C:\wamp64\www\codeigniter4\public\index.php(37): CodeIgniter\CodeIgniter->run()
#5 C:\wamp64\www\codeigniter4\system\Commands\Server\rewrite.php(43): require_once('C:\\wamp64\\www\\c...')
#6 {main}
CRITICAL - 2022-05-11 12:16:35 --> Too few arguments to function App\Models\PessoasModel::getPessoa(), 0 passed in C:\wamp64\www\codeigniter4\app\Controllers\Home.php on line 61 and exactly 1 expected
#0 C:\wamp64\www\codeigniter4\app\Controllers\Home.php(61): App\Models\PessoasModel->getPessoa()
#1 C:\wamp64\www\codeigniter4\system\CodeIgniter.php(825): App\Controllers\Home->editar('3')
#2 C:\wamp64\www\codeigniter4\system\CodeIgniter.php(412): CodeIgniter\CodeIgniter->runController(Object(App\Controllers\Home))
#3 C:\wamp64\www\codeigniter4\system\CodeIgniter.php(320): CodeIgniter\CodeIgniter->handleRequest(NULL, Object(Config\Cache), false)
#4 C:\wamp64\www\codeigniter4\public\index.php(37): CodeIgniter\CodeIgniter->run()
#5 C:\wamp64\www\codeigniter4\system\Commands\Server\rewrite.php(43): require_once('C:\\wamp64\\www\\c...')
#6 {main}
CRITICAL - 2022-05-11 12:16:40 --> Too few arguments to function App\Models\PessoasModel::getPessoa(), 0 passed in C:\wamp64\www\codeigniter4\app\Controllers\Home.php on line 61 and exactly 1 expected
#0 C:\wamp64\www\codeigniter4\app\Controllers\Home.php(61): App\Models\PessoasModel->getPessoa()
#1 C:\wamp64\www\codeigniter4\system\CodeIgniter.php(825): App\Controllers\Home->editar('2')
#2 C:\wamp64\www\codeigniter4\system\CodeIgniter.php(412): CodeIgniter\CodeIgniter->runController(Object(App\Controllers\Home))
#3 C:\wamp64\www\codeigniter4\system\CodeIgniter.php(320): CodeIgniter\CodeIgniter->handleRequest(NULL, Object(Config\Cache), false)
#4 C:\wamp64\www\codeigniter4\public\index.php(37): CodeIgniter\CodeIgniter->run()
#5 C:\wamp64\www\codeigniter4\system\Commands\Server\rewrite.php(43): require_once('C:\\wamp64\\www\\c...')
#6 {main}
CRITICAL - 2022-05-11 12:17:33 --> Too few arguments to function App\Models\PessoasModel::getPessoa(), 0 passed in C:\wamp64\www\codeigniter4\app\Controllers\Home.php on line 61 and exactly 1 expected
#0 C:\wamp64\www\codeigniter4\app\Controllers\Home.php(61): App\Models\PessoasModel->getPessoa()
#1 C:\wamp64\www\codeigniter4\system\CodeIgniter.php(825): App\Controllers\Home->editar('2')
#2 C:\wamp64\www\codeigniter4\system\CodeIgniter.php(412): CodeIgniter\CodeIgniter->runController(Object(App\Controllers\Home))
#3 C:\wamp64\www\codeigniter4\system\CodeIgniter.php(320): CodeIgniter\CodeIgniter->handleRequest(NULL, Object(Config\Cache), false)
#4 C:\wamp64\www\codeigniter4\public\index.php(37): CodeIgniter\CodeIgniter->run()
#5 C:\wamp64\www\codeigniter4\system\Commands\Server\rewrite.php(43): require_once('C:\\wamp64\\www\\c...')
#6 {main}
CRITICAL - 2022-05-11 12:18:52 --> Too few arguments to function App\Models\PessoasModel::getPessoa(), 0 passed in C:\wamp64\www\codeigniter4\app\Controllers\Home.php on line 61 and exactly 1 expected
#0 C:\wamp64\www\codeigniter4\app\Controllers\Home.php(61): App\Models\PessoasModel->getPessoa()
#1 C:\wamp64\www\codeigniter4\system\CodeIgniter.php(825): App\Controllers\Home->editar('3')
#2 C:\wamp64\www\codeigniter4\system\CodeIgniter.php(412): CodeIgniter\CodeIgniter->runController(Object(App\Controllers\Home))
#3 C:\wamp64\www\codeigniter4\system\CodeIgniter.php(320): CodeIgniter\CodeIgniter->handleRequest(NULL, Object(Config\Cache), false)
#4 C:\wamp64\www\codeigniter4\public\index.php(37): CodeIgniter\CodeIgniter->run()
#5 C:\wamp64\www\codeigniter4\system\Commands\Server\rewrite.php(43): require_once('C:\\wamp64\\www\\c...')
#6 {main}
CRITICAL - 2022-05-11 12:49:26 --> Too few arguments to function App\Models\PessoasModel::getPessoa(), 0 passed in C:\wamp64\www\codeigniter4\app\Controllers\Home.php on line 61 and exactly 1 expected
#0 C:\wamp64\www\codeigniter4\app\Controllers\Home.php(61): App\Models\PessoasModel->getPessoa()
#1 C:\wamp64\www\codeigniter4\system\CodeIgniter.php(825): App\Controllers\Home->editar('2')
#2 C:\wamp64\www\codeigniter4\system\CodeIgniter.php(412): CodeIgniter\CodeIgniter->runController(Object(App\Controllers\Home))
#3 C:\wamp64\www\codeigniter4\system\CodeIgniter.php(320): CodeIgniter\CodeIgniter->handleRequest(NULL, Object(Config\Cache), false)
#4 C:\wamp64\www\codeigniter4\public\index.php(37): CodeIgniter\CodeIgniter->run()
#5 C:\wamp64\www\codeigniter4\system\Commands\Server\rewrite.php(43): require_once('C:\\wamp64\\www\\c...')
#6 {main}
CRITICAL - 2022-05-11 12:49:31 --> Too few arguments to function App\Models\PessoasModel::getPessoa(), 0 passed in C:\wamp64\www\codeigniter4\app\Controllers\Home.php on line 61 and exactly 1 expected
#0 C:\wamp64\www\codeigniter4\app\Controllers\Home.php(61): App\Models\PessoasModel->getPessoa()
#1 C:\wamp64\www\codeigniter4\system\CodeIgniter.php(825): App\Controllers\Home->editar('2')
#2 C:\wamp64\www\codeigniter4\system\CodeIgniter.php(412): CodeIgniter\CodeIgniter->runController(Object(App\Controllers\Home))
#3 C:\wamp64\www\codeigniter4\system\CodeIgniter.php(320): CodeIgniter\CodeIgniter->handleRequest(NULL, Object(Config\Cache), false)
#4 C:\wamp64\www\codeigniter4\public\index.php(37): CodeIgniter\CodeIgniter->run()
#5 C:\wamp64\www\codeigniter4\system\Commands\Server\rewrite.php(43): require_once('C:\\wamp64\\www\\c...')
#6 {main}
CRITICAL - 2022-05-11 12:49:36 --> Too few arguments to function App\Models\PessoasModel::getPessoa(), 0 passed in C:\wamp64\www\codeigniter4\app\Controllers\Home.php on line 61 and exactly 1 expected
#0 C:\wamp64\www\codeigniter4\app\Controllers\Home.php(61): App\Models\PessoasModel->getPessoa()
#1 C:\wamp64\www\codeigniter4\system\CodeIgniter.php(825): App\Controllers\Home->editar('2')
#2 C:\wamp64\www\codeigniter4\system\CodeIgniter.php(412): CodeIgniter\CodeIgniter->runController(Object(App\Controllers\Home))
#3 C:\wamp64\www\codeigniter4\system\CodeIgniter.php(320): CodeIgniter\CodeIgniter->handleRequest(NULL, Object(Config\Cache), false)
#4 C:\wamp64\www\codeigniter4\public\index.php(37): CodeIgniter\CodeIgniter->run()
#5 C:\wamp64\www\codeigniter4\system\Commands\Server\rewrite.php(43): require_once('C:\\wamp64\\www\\c...')
#6 {main}
CRITICAL - 2022-05-11 12:49:43 --> Too few arguments to function App\Models\PessoasModel::getPessoa(), 0 passed in C:\wamp64\www\codeigniter4\app\Controllers\Home.php on line 61 and exactly 1 expected
#0 C:\wamp64\www\codeigniter4\app\Controllers\Home.php(61): App\Models\PessoasModel->getPessoa()
#1 C:\wamp64\www\codeigniter4\system\CodeIgniter.php(825): App\Controllers\Home->editar('3')
#2 C:\wamp64\www\codeigniter4\system\CodeIgniter.php(412): CodeIgniter\CodeIgniter->runController(Object(App\Controllers\Home))
#3 C:\wamp64\www\codeigniter4\system\CodeIgniter.php(320): CodeIgniter\CodeIgniter->handleRequest(NULL, Object(Config\Cache), false)
#4 C:\wamp64\www\codeigniter4\public\index.php(37): CodeIgniter\CodeIgniter->run()
#5 C:\wamp64\www\codeigniter4\system\Commands\Server\rewrite.php(43): require_once('C:\\wamp64\\www\\c...')
#6 {main}
CRITICAL - 2022-05-11 12:50:31 --> Invalid file: editar.php
#0 C:\wamp64\www\codeigniter4\system\View\View.php(198): CodeIgniter\Exceptions\FrameworkException::forInvalidFile('editar.php')
#1 C:\wamp64\www\codeigniter4\system\Common.php(1089): CodeIgniter\View\View->render('editar', Array, true)
#2 C:\wamp64\www\codeigniter4\app\Controllers\Home.php(19): view('editar')
#3 C:\wamp64\www\codeigniter4\system\CodeIgniter.php(825): App\Controllers\Home->page('editar', 'style.css')
#4 C:\wamp64\www\codeigniter4\system\CodeIgniter.php(412): CodeIgniter\CodeIgniter->runController(Object(App\Controllers\Home))
#5 C:\wamp64\www\codeigniter4\system\CodeIgniter.php(320): CodeIgniter\CodeIgniter->handleRequest(NULL, Object(Config\Cache), false)
#6 C:\wamp64\www\codeigniter4\public\index.php(37): CodeIgniter\CodeIgniter->run()
#7 C:\wamp64\www\codeigniter4\system\Commands\Server\rewrite.php(43): require_once('C:\\wamp64\\www\\c...')
#8 {main}
CRITICAL - 2022-05-11 12:50:31 --> Invalid file: editar.php
#0 C:\wamp64\www\codeigniter4\system\View\View.php(198): CodeIgniter\Exceptions\FrameworkException::forInvalidFile('editar.php')
#1 C:\wamp64\www\codeigniter4\system\Common.php(1089): CodeIgniter\View\View->render('editar', Array, true)
#2 C:\wamp64\www\codeigniter4\app\Controllers\Home.php(19): view('editar')
#3 C:\wamp64\www\codeigniter4\system\CodeIgniter.php(825): App\Controllers\Home->page('editar', 'img', 'cadastrop.svg')
#4 C:\wamp64\www\codeigniter4\system\CodeIgniter.php(412): CodeIgniter\CodeIgniter->runController(Object(App\Controllers\Home))
#5 C:\wamp64\www\codeigniter4\system\CodeIgniter.php(320): CodeIgniter\CodeIgniter->handleRequest(NULL, Object(Config\Cache), false)
#6 C:\wamp64\www\codeigniter4\public\index.php(37): CodeIgniter\CodeIgniter->run()
#7 C:\wamp64\www\codeigniter4\system\Commands\Server\rewrite.php(43): require_once('C:\\wamp64\\www\\c...')
#8 {main}
CRITICAL - 2022-05-11 12:50:35 --> Invalid file: editar.php
#0 C:\wamp64\www\codeigniter4\system\View\View.php(198): CodeIgniter\Exceptions\FrameworkException::forInvalidFile('editar.php')
#1 C:\wamp64\www\codeigniter4\system\Common.php(1089): CodeIgniter\View\View->render('editar', Array, true)
#2 C:\wamp64\www\codeigniter4\app\Controllers\Home.php(19): view('editar')
#3 C:\wamp64\www\codeigniter4\system\CodeIgniter.php(825): App\Controllers\Home->page('editar', 'style.css')
#4 C:\wamp64\www\codeigniter4\system\CodeIgniter.php(412): CodeIgniter\CodeIgniter->runController(Object(App\Controllers\Home))
#5 C:\wamp64\www\codeigniter4\system\CodeIgniter.php(320): CodeIgniter\CodeIgniter->handleRequest(NULL, Object(Config\Cache), false)
#6 C:\wamp64\www\codeigniter4\public\index.php(37): CodeIgniter\CodeIgniter->run()
#7 C:\wamp64\www\codeigniter4\system\Commands\Server\rewrite.php(43): require_once('C:\\wamp64\\www\\c...')
#8 {main}
CRITICAL - 2022-05-11 12:50:36 --> Invalid file: editar.php
#0 C:\wamp64\www\codeigniter4\system\View\View.php(198): CodeIgniter\Exceptions\FrameworkException::forInvalidFile('editar.php')
#1 C:\wamp64\www\codeigniter4\system\Common.php(1089): CodeIgniter\View\View->render('editar', Array, true)
#2 C:\wamp64\www\codeigniter4\app\Controllers\Home.php(19): view('editar')
#3 C:\wamp64\www\codeigniter4\system\CodeIgniter.php(825): App\Controllers\Home->page('editar', 'img', 'cadastrop.svg')
#4 C:\wamp64\www\codeigniter4\system\CodeIgniter.php(412): CodeIgniter\CodeIgniter->runController(Object(App\Controllers\Home))
#5 C:\wamp64\www\codeigniter4\system\CodeIgniter.php(320): CodeIgniter\CodeIgniter->handleRequest(NULL, Object(Config\Cache), false)
#6 C:\wamp64\www\codeigniter4\public\index.php(37): CodeIgniter\CodeIgniter->run()
#7 C:\wamp64\www\codeigniter4\system\Commands\Server\rewrite.php(43): require_once('C:\\wamp64\\www\\c...')
#8 {main}
CRITICAL - 2022-05-11 12:50:52 --> Invalid file: style.css
#0 C:\wamp64\www\codeigniter4\system\View\View.php(198): CodeIgniter\Exceptions\FrameworkException::forInvalidFile('style.css')
#1 C:\wamp64\www\codeigniter4\system\Common.php(1089): CodeIgniter\View\View->render('style.css', Array, true)
#2 C:\wamp64\www\codeigniter4\app\Controllers\Home.php(19): view('style.css')
#3 C:\wamp64\www\codeigniter4\system\CodeIgniter.php(825): App\Controllers\Home->page('style.css')
#4 C:\wamp64\www\codeigniter4\system\CodeIgniter.php(412): CodeIgniter\CodeIgniter->runController(Object(App\Controllers\Home))
#5 C:\wamp64\www\codeigniter4\system\CodeIgniter.php(320): CodeIgniter\CodeIgniter->handleRequest(NULL, Object(Config\Cache), false)
#6 C:\wamp64\www\codeigniter4\public\index.php(37): CodeIgniter\CodeIgniter->run()
#7 C:\wamp64\www\codeigniter4\system\Commands\Server\rewrite.php(43): require_once('C:\\wamp64\\www\\c...')
#8 {main}
CRITICAL - 2022-05-11 12:51:05 --> Invalid file: style.css
#0 C:\wamp64\www\codeigniter4\system\View\View.php(198): CodeIgniter\Exceptions\FrameworkException::forInvalidFile('style.css')
#1 C:\wamp64\www\codeigniter4\system\Common.php(1089): CodeIgniter\View\View->render('style.css', Array, true)
#2 C:\wamp64\www\codeigniter4\app\Controllers\Home.php(19): view('style.css')
#3 C:\wamp64\www\codeigniter4\system\CodeIgniter.php(825): App\Controllers\Home->page('style.css')
#4 C:\wamp64\www\codeigniter4\system\CodeIgniter.php(412): CodeIgniter\CodeIgniter->runController(Object(App\Controllers\Home))
#5 C:\wamp64\www\codeigniter4\system\CodeIgniter.php(320): CodeIgniter\CodeIgniter->handleRequest(NULL, Object(Config\Cache), false)
#6 C:\wamp64\www\codeigniter4\public\index.php(37): CodeIgniter\CodeIgniter->run()
#7 C:\wamp64\www\codeigniter4\system\Commands\Server\rewrite.php(43): require_once('C:\\wamp64\\www\\c...')
#8 {main}
CRITICAL - 2022-05-11 12:51:06 --> Invalid file: style.css
#0 C:\wamp64\www\codeigniter4\system\View\View.php(198): CodeIgniter\Exceptions\FrameworkException::forInvalidFile('style.css')
#1 C:\wamp64\www\codeigniter4\system\Common.php(1089): CodeIgniter\View\View->render('style.css', Array, true)
#2 C:\wamp64\www\codeigniter4\app\Controllers\Home.php(19): view('style.css')
#3 C:\wamp64\www\codeigniter4\system\CodeIgniter.php(825): App\Controllers\Home->page('style.css')
#4 C:\wamp64\www\codeigniter4\system\CodeIgniter.php(412): CodeIgniter\CodeIgniter->runController(Object(App\Controllers\Home))
#5 C:\wamp64\www\codeigniter4\system\CodeIgniter.php(320): CodeIgniter\CodeIgniter->handleRequest(NULL, Object(Config\Cache), false)
#6 C:\wamp64\www\codeigniter4\public\index.php(37): CodeIgniter\CodeIgniter->run()
#7 C:\wamp64\www\codeigniter4\system\Commands\Server\rewrite.php(43): require_once('C:\\wamp64\\www\\c...')
#8 {main}
CRITICAL - 2022-05-11 12:51:07 --> Invalid file: editar.php
#0 C:\wamp64\www\codeigniter4\system\View\View.php(198): CodeIgniter\Exceptions\FrameworkException::forInvalidFile('editar.php')
#1 C:\wamp64\www\codeigniter4\system\Common.php(1089): CodeIgniter\View\View->render('editar', Array, true)
#2 C:\wamp64\www\codeigniter4\app\Controllers\Home.php(19): view('editar')
#3 C:\wamp64\www\codeigniter4\system\CodeIgniter.php(825): App\Controllers\Home->page('editar', 'style.css')
#4 C:\wamp64\www\codeigniter4\system\CodeIgniter.php(412): CodeIgniter\CodeIgniter->runController(Object(App\Controllers\Home))
#5 C:\wamp64\www\codeigniter4\system\CodeIgniter.php(320): CodeIgniter\CodeIgniter->handleRequest(NULL, Object(Config\Cache), false)
#6 C:\wamp64\www\codeigniter4\public\index.php(37): CodeIgniter\CodeIgniter->run()
#7 C:\wamp64\www\codeigniter4\system\Commands\Server\rewrite.php(43): require_once('C:\\wamp64\\www\\c...')
#8 {main}
CRITICAL - 2022-05-11 12:51:07 --> Invalid file: editar.php
#0 C:\wamp64\www\codeigniter4\system\View\View.php(198): CodeIgniter\Exceptions\FrameworkException::forInvalidFile('editar.php')
#1 C:\wamp64\www\codeigniter4\system\Common.php(1089): CodeIgniter\View\View->render('editar', Array, true)
#2 C:\wamp64\www\codeigniter4\app\Controllers\Home.php(19): view('editar')
#3 C:\wamp64\www\codeigniter4\system\CodeIgniter.php(825): App\Controllers\Home->page('editar', 'img', 'cadastrop.svg')
#4 C:\wamp64\www\codeigniter4\system\CodeIgniter.php(412): CodeIgniter\CodeIgniter->runController(Object(App\Controllers\Home))
#5 C:\wamp64\www\codeigniter4\system\CodeIgniter.php(320): CodeIgniter\CodeIgniter->handleRequest(NULL, Object(Config\Cache), false)
#6 C:\wamp64\www\codeigniter4\public\index.php(37): CodeIgniter\CodeIgniter->run()
#7 C:\wamp64\www\codeigniter4\system\Commands\Server\rewrite.php(43): require_once('C:\\wamp64\\www\\c...')
#8 {main}
CRITICAL - 2022-05-11 12:51:15 --> Invalid file: editar.php
#0 C:\wamp64\www\codeigniter4\system\View\View.php(198): CodeIgniter\Exceptions\FrameworkException::forInvalidFile('editar.php')
#1 C:\wamp64\www\codeigniter4\system\Common.php(1089): CodeIgniter\View\View->render('editar', Array, true)
#2 C:\wamp64\www\codeigniter4\app\Controllers\Home.php(19): view('editar')
#3 C:\wamp64\www\codeigniter4\system\CodeIgniter.php(825): App\Controllers\Home->page('editar', 'style.css')
#4 C:\wamp64\www\codeigniter4\system\CodeIgniter.php(412): CodeIgniter\CodeIgniter->runController(Object(App\Controllers\Home))
#5 C:\wamp64\www\codeigniter4\system\CodeIgniter.php(320): CodeIgniter\CodeIgniter->handleRequest(NULL, Object(Config\Cache), false)
#6 C:\wamp64\www\codeigniter4\public\index.php(37): CodeIgniter\CodeIgniter->run()
#7 C:\wamp64\www\codeigniter4\system\Commands\Server\rewrite.php(43): require_once('C:\\wamp64\\www\\c...')
#8 {main}
CRITICAL - 2022-05-11 12:51:15 --> Invalid file: editar.php
#0 C:\wamp64\www\codeigniter4\system\View\View.php(198): CodeIgniter\Exceptions\FrameworkException::forInvalidFile('editar.php')
#1 C:\wamp64\www\codeigniter4\system\Common.php(1089): CodeIgniter\View\View->render('editar', Array, true)
#2 C:\wamp64\www\codeigniter4\app\Controllers\Home.php(19): view('editar')
#3 C:\wamp64\www\codeigniter4\system\CodeIgniter.php(825): App\Controllers\Home->page('editar', 'img', 'cadastrop.svg')
#4 C:\wamp64\www\codeigniter4\system\CodeIgniter.php(412): CodeIgniter\CodeIgniter->runController(Object(App\Controllers\Home))
#5 C:\wamp64\www\codeigniter4\system\CodeIgniter.php(320): CodeIgniter\CodeIgniter->handleRequest(NULL, Object(Config\Cache), false)
#6 C:\wamp64\www\codeigniter4\public\index.php(37): CodeIgniter\CodeIgniter->run()
#7 C:\wamp64\www\codeigniter4\system\Commands\Server\rewrite.php(43): require_once('C:\\wamp64\\www\\c...')
#8 {main}
CRITICAL - 2022-05-11 12:51:16 --> Invalid file: editar.php
#0 C:\wamp64\www\codeigniter4\system\View\View.php(198): CodeIgniter\Exceptions\FrameworkException::forInvalidFile('editar.php')
#1 C:\wamp64\www\codeigniter4\system\Common.php(1089): CodeIgniter\View\View->render('editar', Array, true)
#2 C:\wamp64\www\codeigniter4\app\Controllers\Home.php(19): view('editar')
#3 C:\wamp64\www\codeigniter4\system\CodeIgniter.php(825): App\Controllers\Home->page('editar', 'style.css')
#4 C:\wamp64\www\codeigniter4\system\CodeIgniter.php(412): CodeIgniter\CodeIgniter->runController(Object(App\Controllers\Home))
#5 C:\wamp64\www\codeigniter4\system\CodeIgniter.php(320): CodeIgniter\CodeIgniter->handleRequest(NULL, Object(Config\Cache), false)
#6 C:\wamp64\www\codeigniter4\public\index.php(37): CodeIgniter\CodeIgniter->run()
#7 C:\wamp64\www\codeigniter4\system\Commands\Server\rewrite.php(43): require_once('C:\\wamp64\\www\\c...')
#8 {main}
CRITICAL - 2022-05-11 12:51:16 --> Invalid file: editar.php
#0 C:\wamp64\www\codeigniter4\system\View\View.php(198): CodeIgniter\Exceptions\FrameworkException::forInvalidFile('editar.php')
#1 C:\wamp64\www\codeigniter4\system\Common.php(1089): CodeIgniter\View\View->render('editar', Array, true)
#2 C:\wamp64\www\codeigniter4\app\Controllers\Home.php(19): view('editar')
#3 C:\wamp64\www\codeigniter4\system\CodeIgniter.php(825): App\Controllers\Home->page('editar', 'img', 'cadastrop.svg')
#4 C:\wamp64\www\codeigniter4\system\CodeIgniter.php(412): CodeIgniter\CodeIgniter->runController(Object(App\Controllers\Home))
#5 C:\wamp64\www\codeigniter4\system\CodeIgniter.php(320): CodeIgniter\CodeIgniter->handleRequest(NULL, Object(Config\Cache), false)
#6 C:\wamp64\www\codeigniter4\public\index.php(37): CodeIgniter\CodeIgniter->run()
#7 C:\wamp64\www\codeigniter4\system\Commands\Server\rewrite.php(43): require_once('C:\\wamp64\\www\\c...')
#8 {main}
CRITICAL - 2022-05-11 12:51:18 --> Invalid file: editar.php
#0 C:\wamp64\www\codeigniter4\system\View\View.php(198): CodeIgniter\Exceptions\FrameworkException::forInvalidFile('editar.php')
#1 C:\wamp64\www\codeigniter4\system\Common.php(1089): CodeIgniter\View\View->render('editar', Array, true)
#2 C:\wamp64\www\codeigniter4\app\Controllers\Home.php(19): view('editar')
#3 C:\wamp64\www\codeigniter4\system\CodeIgniter.php(825): App\Controllers\Home->page('editar', 'style.css')
#4 C:\wamp64\www\codeigniter4\system\CodeIgniter.php(412): CodeIgniter\CodeIgniter->runController(Object(App\Controllers\Home))
#5 C:\wamp64\www\codeigniter4\system\CodeIgniter.php(320): CodeIgniter\CodeIgniter->handleRequest(NULL, Object(Config\Cache), false)
#6 C:\wamp64\www\codeigniter4\public\index.php(37): CodeIgniter\CodeIgniter->run()
#7 C:\wamp64\www\codeigniter4\system\Commands\Server\rewrite.php(43): require_once('C:\\wamp64\\www\\c...')
#8 {main}
CRITICAL - 2022-05-11 12:51:18 --> Invalid file: editar.php
#0 C:\wamp64\www\codeigniter4\system\View\View.php(198): CodeIgniter\Exceptions\FrameworkException::forInvalidFile('editar.php')
#1 C:\wamp64\www\codeigniter4\system\Common.php(1089): CodeIgniter\View\View->render('editar', Array, true)
#2 C:\wamp64\www\codeigniter4\app\Controllers\Home.php(19): view('editar')
#3 C:\wamp64\www\codeigniter4\system\CodeIgniter.php(825): App\Controllers\Home->page('editar', 'img', 'cadastrop.svg')
#4 C:\wamp64\www\codeigniter4\system\CodeIgniter.php(412): CodeIgniter\CodeIgniter->runController(Object(App\Controllers\Home))
#5 C:\wamp64\www\codeigniter4\system\CodeIgniter.php(320): CodeIgniter\CodeIgniter->handleRequest(NULL, Object(Config\Cache), false)
#6 C:\wamp64\www\codeigniter4\public\index.php(37): CodeIgniter\CodeIgniter->run()
#7 C:\wamp64\www\codeigniter4\system\Commands\Server\rewrite.php(43): require_once('C:\\wamp64\\www\\c...')
#8 {main}
CRITICAL - 2022-05-11 12:51:44 --> Invalid file: editar.php
#0 C:\wamp64\www\codeigniter4\system\View\View.php(198): CodeIgniter\Exceptions\FrameworkException::forInvalidFile('editar.php')
#1 C:\wamp64\www\codeigniter4\system\Common.php(1089): CodeIgniter\View\View->render('editar', Array, true)
#2 C:\wamp64\www\codeigniter4\app\Controllers\Home.php(19): view('editar')
#3 C:\wamp64\www\codeigniter4\system\CodeIgniter.php(825): App\Controllers\Home->page('editar', 'style.css')
#4 C:\wamp64\www\codeigniter4\system\CodeIgniter.php(412): CodeIgniter\CodeIgniter->runController(Object(App\Controllers\Home))
#5 C:\wamp64\www\codeigniter4\system\CodeIgniter.php(320): CodeIgniter\CodeIgniter->handleRequest(NULL, Object(Config\Cache), false)
#6 C:\wamp64\www\codeigniter4\public\index.php(37): CodeIgniter\CodeIgniter->run()
#7 C:\wamp64\www\codeigniter4\system\Commands\Server\rewrite.php(43): require_once('C:\\wamp64\\www\\c...')
#8 {main}
CRITICAL - 2022-05-11 12:51:44 --> Invalid file: editar.php
#0 C:\wamp64\www\codeigniter4\system\View\View.php(198): CodeIgniter\Exceptions\FrameworkException::forInvalidFile('editar.php')
#1 C:\wamp64\www\codeigniter4\system\Common.php(1089): CodeIgniter\View\View->render('editar', Array, true)
#2 C:\wamp64\www\codeigniter4\app\Controllers\Home.php(19): view('editar')
#3 C:\wamp64\www\codeigniter4\system\CodeIgniter.php(825): App\Controllers\Home->page('editar', 'img', 'cadastrop.svg')
#4 C:\wamp64\www\codeigniter4\system\CodeIgniter.php(412): CodeIgniter\CodeIgniter->runController(Object(App\Controllers\Home))
#5 C:\wamp64\www\codeigniter4\system\CodeIgniter.php(320): CodeIgniter\CodeIgniter->handleRequest(NULL, Object(Config\Cache), false)
#6 C:\wamp64\www\codeigniter4\public\index.php(37): CodeIgniter\CodeIgniter->run()
#7 C:\wamp64\www\codeigniter4\system\Commands\Server\rewrite.php(43): require_once('C:\\wamp64\\www\\c...')
#8 {main}
CRITICAL - 2022-05-11 12:53:03 --> Invalid file: style.css
#0 C:\wamp64\www\codeigniter4\system\View\View.php(198): CodeIgniter\Exceptions\FrameworkException::forInvalidFile('style.css')
#1 C:\wamp64\www\codeigniter4\system\Common.php(1089): CodeIgniter\View\View->render('style.css', Array, true)
#2 C:\wamp64\www\codeigniter4\app\Controllers\Home.php(19): view('style.css')
#3 C:\wamp64\www\codeigniter4\system\CodeIgniter.php(825): App\Controllers\Home->page('style.css')
#4 C:\wamp64\www\codeigniter4\system\CodeIgniter.php(412): CodeIgniter\CodeIgniter->runController(Object(App\Controllers\Home))
#5 C:\wamp64\www\codeigniter4\system\CodeIgniter.php(320): CodeIgniter\CodeIgniter->handleRequest(NULL, Object(Config\Cache), false)
#6 C:\wamp64\www\codeigniter4\public\index.php(37): CodeIgniter\CodeIgniter->run()
#7 C:\wamp64\www\codeigniter4\system\Commands\Server\rewrite.php(43): require_once('C:\\wamp64\\www\\c...')
#8 {main}
CRITICAL - 2022-05-11 12:56:10 --> Invalid file: editar.php
#0 C:\wamp64\www\codeigniter4\system\View\View.php(198): CodeIgniter\Exceptions\FrameworkException::forInvalidFile('editar.php')
#1 C:\wamp64\www\codeigniter4\system\Common.php(1089): CodeIgniter\View\View->render('editar', Array, true)
#2 C:\wamp64\www\codeigniter4\app\Controllers\Home.php(19): view('editar')
#3 C:\wamp64\www\codeigniter4\system\CodeIgniter.php(825): App\Controllers\Home->page('editar', 'style.css')
#4 C:\wamp64\www\codeigniter4\system\CodeIgniter.php(412): CodeIgniter\CodeIgniter->runController(Object(App\Controllers\Home))
#5 C:\wamp64\www\codeigniter4\system\CodeIgniter.php(320): CodeIgniter\CodeIgniter->handleRequest(NULL, Object(Config\Cache), false)
#6 C:\wamp64\www\codeigniter4\public\index.php(37): CodeIgniter\CodeIgniter->run()
#7 C:\wamp64\www\codeigniter4\system\Commands\Server\rewrite.php(43): require_once('C:\\wamp64\\www\\c...')
#8 {main}
CRITICAL - 2022-05-11 12:56:10 --> Invalid file: editar.php
#0 C:\wamp64\www\codeigniter4\system\View\View.php(198): CodeIgniter\Exceptions\FrameworkException::forInvalidFile('editar.php')
#1 C:\wamp64\www\codeigniter4\system\Common.php(1089): CodeIgniter\View\View->render('editar', Array, true)
#2 C:\wamp64\www\codeigniter4\app\Controllers\Home.php(19): view('editar')
#3 C:\wamp64\www\codeigniter4\system\CodeIgniter.php(825): App\Controllers\Home->page('editar', 'img', 'cadastrop.svg')
#4 C:\wamp64\www\codeigniter4\system\CodeIgniter.php(412): CodeIgniter\CodeIgniter->runController(Object(App\Controllers\Home))
#5 C:\wamp64\www\codeigniter4\system\CodeIgniter.php(320): CodeIgniter\CodeIgniter->handleRequest(NULL, Object(Config\Cache), false)
#6 C:\wamp64\www\codeigniter4\public\index.php(37): CodeIgniter\CodeIgniter->run()
#7 C:\wamp64\www\codeigniter4\system\Commands\Server\rewrite.php(43): require_once('C:\\wamp64\\www\\c...')
#8 {main}
CRITICAL - 2022-05-11 12:56:17 --> Invalid file: style.css
#0 C:\wamp64\www\codeigniter4\system\View\View.php(198): CodeIgniter\Exceptions\FrameworkException::forInvalidFile('style.css')
#1 C:\wamp64\www\codeigniter4\system\Common.php(1089): CodeIgniter\View\View->render('style.css', Array, true)
#2 C:\wamp64\www\codeigniter4\app\Controllers\Home.php(19): view('style.css')
#3 C:\wamp64\www\codeigniter4\system\CodeIgniter.php(825): App\Controllers\Home->page('style.css')
#4 C:\wamp64\www\codeigniter4\system\CodeIgniter.php(412): CodeIgniter\CodeIgniter->runController(Object(App\Controllers\Home))
#5 C:\wamp64\www\codeigniter4\system\CodeIgniter.php(320): CodeIgniter\CodeIgniter->handleRequest(NULL, Object(Config\Cache), false)
#6 C:\wamp64\www\codeigniter4\public\index.php(37): CodeIgniter\CodeIgniter->run()
#7 C:\wamp64\www\codeigniter4\system\Commands\Server\rewrite.php(43): require_once('C:\\wamp64\\www\\c...')
#8 {main}
