CRITICAL - 2022-02-16 11:29:36 --> Invalid file: welcome_message.php
#0 C:\wamp64\www\codeigniter4\system\View\View.php(198): CodeIgniter\Exceptions\FrameworkException::forInvalidFile('welcome_message...')
#1 C:\wamp64\www\codeigniter4\system\Common.php(1089): CodeIgniter\View\View->render('welcome_message', Array, true)
#2 C:\wamp64\www\codeigniter4\app\Controllers\Home.php(9): view('welcome_message')
#3 C:\wamp64\www\codeigniter4\system\CodeIgniter.php(825): App\Controllers\Home->index()
#4 C:\wamp64\www\codeigniter4\system\CodeIgniter.php(412): CodeIgniter\CodeIgniter->runController(Object(App\Controllers\Home))
#5 C:\wamp64\www\codeigniter4\system\CodeIgniter.php(320): CodeIgniter\CodeIgniter->handleRequest(NULL, Object(Config\Cache), false)
#6 C:\wamp64\www\codeigniter4\public\index.php(37): CodeIgniter\CodeIgniter->run()
#7 C:\wamp64\www\codeigniter4\system\Commands\Server\rewrite.php(43): require_once('C:\\wamp64\\www\\c...')
#8 {main}
CRITICAL - 2022-02-16 11:29:36 --> Invalid file: welcome_message.php
#0 C:\wamp64\www\codeigniter4\system\View\View.php(198): CodeIgniter\Exceptions\FrameworkException::forInvalidFile('welcome_message...')
#1 C:\wamp64\www\codeigniter4\system\Common.php(1089): CodeIgniter\View\View->render('welcome_message', Array, true)
#2 C:\wamp64\www\codeigniter4\app\Controllers\Home.php(9): view('welcome_message')
#3 C:\wamp64\www\codeigniter4\system\CodeIgniter.php(825): App\Controllers\Home->index()
#4 C:\wamp64\www\codeigniter4\system\CodeIgniter.php(412): CodeIgniter\CodeIgniter->runController(Object(App\Controllers\Home))
#5 C:\wamp64\www\codeigniter4\system\CodeIgniter.php(320): CodeIgniter\CodeIgniter->handleRequest(NULL, Object(Config\Cache), false)
#6 C:\wamp64\www\codeigniter4\public\index.php(37): CodeIgniter\CodeIgniter->run()
#7 C:\wamp64\www\codeigniter4\system\Commands\Server\rewrite.php(43): require_once('C:\\wamp64\\www\\c...')
#8 {main}
CRITICAL - 2022-02-16 11:40:57 --> Invalid file: welcome_message.php
#0 C:\wamp64\www\codeigniter4\system\View\View.php(198): CodeIgniter\Exceptions\FrameworkException::forInvalidFile('welcome_message...')
#1 C:\wamp64\www\codeigniter4\system\Common.php(1089): CodeIgniter\View\View->render('welcome_message', Array, true)
#2 C:\wamp64\www\codeigniter4\app\Controllers\Home.php(9): view('welcome_message')
#3 C:\wamp64\www\codeigniter4\system\CodeIgniter.php(825): App\Controllers\Home->index()
#4 C:\wamp64\www\codeigniter4\system\CodeIgniter.php(412): CodeIgniter\CodeIgniter->runController(Object(App\Controllers\Home))
#5 C:\wamp64\www\codeigniter4\system\CodeIgniter.php(320): CodeIgniter\CodeIgniter->handleRequest(NULL, Object(Config\Cache), false)
#6 C:\wamp64\www\codeigniter4\public\index.php(37): CodeIgniter\CodeIgniter->run()
#7 C:\wamp64\www\codeigniter4\system\Commands\Server\rewrite.php(43): require_once('C:\\wamp64\\www\\c...')
#8 {main}
CRITICAL - 2022-02-16 11:40:57 --> Invalid file: welcome_message.php
#0 C:\wamp64\www\codeigniter4\system\View\View.php(198): CodeIgniter\Exceptions\FrameworkException::forInvalidFile('welcome_message...')
#1 C:\wamp64\www\codeigniter4\system\Common.php(1089): CodeIgniter\View\View->render('welcome_message', Array, true)
#2 C:\wamp64\www\codeigniter4\app\Controllers\Home.php(9): view('welcome_message')
#3 C:\wamp64\www\codeigniter4\system\CodeIgniter.php(825): App\Controllers\Home->index()
#4 C:\wamp64\www\codeigniter4\system\CodeIgniter.php(412): CodeIgniter\CodeIgniter->runController(Object(App\Controllers\Home))
#5 C:\wamp64\www\codeigniter4\system\CodeIgniter.php(320): CodeIgniter\CodeIgniter->handleRequest(NULL, Object(Config\Cache), false)
#6 C:\wamp64\www\codeigniter4\public\index.php(37): CodeIgniter\CodeIgniter->run()
#7 C:\wamp64\www\codeigniter4\system\Commands\Server\rewrite.php(43): require_once('C:\\wamp64\\www\\c...')
#8 {main}
CRITICAL - 2022-02-16 11:42:29 --> Invalid file: welcome_message.php
#0 C:\wamp64\www\codeigniter4\system\View\View.php(198): CodeIgniter\Exceptions\FrameworkException::forInvalidFile('welcome_message...')
#1 C:\wamp64\www\codeigniter4\system\Common.php(1089): CodeIgniter\View\View->render('welcome_message', Array, true)
#2 C:\wamp64\www\codeigniter4\app\Controllers\Home.php(9): view('welcome_message')
#3 C:\wamp64\www\codeigniter4\system\CodeIgniter.php(825): App\Controllers\Home->index()
#4 C:\wamp64\www\codeigniter4\system\CodeIgniter.php(412): CodeIgniter\CodeIgniter->runController(Object(App\Controllers\Home))
#5 C:\wamp64\www\codeigniter4\system\CodeIgniter.php(320): CodeIgniter\CodeIgniter->handleRequest(NULL, Object(Config\Cache), false)
#6 C:\wamp64\www\codeigniter4\public\index.php(37): CodeIgniter\CodeIgniter->run()
#7 C:\wamp64\www\codeigniter4\system\Commands\Server\rewrite.php(43): require_once('C:\\wamp64\\www\\c...')
#8 {main}
CRITICAL - 2022-02-16 11:42:34 --> Invalid file: welcome_message.php
#0 C:\wamp64\www\codeigniter4\system\View\View.php(198): CodeIgniter\Exceptions\FrameworkException::forInvalidFile('welcome_message...')
#1 C:\wamp64\www\codeigniter4\system\Common.php(1089): CodeIgniter\View\View->render('welcome_message', Array, true)
#2 C:\wamp64\www\codeigniter4\app\Controllers\Home.php(9): view('welcome_message')
#3 C:\wamp64\www\codeigniter4\system\CodeIgniter.php(825): App\Controllers\Home->index()
#4 C:\wamp64\www\codeigniter4\system\CodeIgniter.php(412): CodeIgniter\CodeIgniter->runController(Object(App\Controllers\Home))
#5 C:\wamp64\www\codeigniter4\system\CodeIgniter.php(320): CodeIgniter\CodeIgniter->handleRequest(NULL, Object(Config\Cache), false)
#6 C:\wamp64\www\codeigniter4\public\index.php(37): CodeIgniter\CodeIgniter->run()
#7 C:\wamp64\www\codeigniter4\system\Commands\Server\rewrite.php(43): require_once('C:\\wamp64\\www\\c...')
#8 {main}
CRITICAL - 2022-02-16 11:43:38 --> Invalid file: welcome_message.php
#0 C:\wamp64\www\codeigniter4\system\View\View.php(198): CodeIgniter\Exceptions\FrameworkException::forInvalidFile('welcome_message...')
#1 C:\wamp64\www\codeigniter4\system\Common.php(1089): CodeIgniter\View\View->render('welcome_message', Array, true)
#2 C:\wamp64\www\codeigniter4\app\Controllers\Home.php(9): view('welcome_message')
#3 C:\wamp64\www\codeigniter4\system\CodeIgniter.php(825): App\Controllers\Home->index()
#4 C:\wamp64\www\codeigniter4\system\CodeIgniter.php(412): CodeIgniter\CodeIgniter->runController(Object(App\Controllers\Home))
#5 C:\wamp64\www\codeigniter4\system\CodeIgniter.php(320): CodeIgniter\CodeIgniter->handleRequest(NULL, Object(Config\Cache), false)
#6 C:\wamp64\www\codeigniter4\public\index.php(37): CodeIgniter\CodeIgniter->run()
#7 C:\wamp64\www\codeigniter4\system\Commands\Server\rewrite.php(43): require_once('C:\\wamp64\\www\\c...')
#8 {main}
CRITICAL - 2022-02-16 11:43:39 --> Invalid file: welcome_message.php
#0 C:\wamp64\www\codeigniter4\system\View\View.php(198): CodeIgniter\Exceptions\FrameworkException::forInvalidFile('welcome_message...')
#1 C:\wamp64\www\codeigniter4\system\Common.php(1089): CodeIgniter\View\View->render('welcome_message', Array, true)
#2 C:\wamp64\www\codeigniter4\app\Controllers\Home.php(9): view('welcome_message')
#3 C:\wamp64\www\codeigniter4\system\CodeIgniter.php(825): App\Controllers\Home->index()
#4 C:\wamp64\www\codeigniter4\system\CodeIgniter.php(412): CodeIgniter\CodeIgniter->runController(Object(App\Controllers\Home))
#5 C:\wamp64\www\codeigniter4\system\CodeIgniter.php(320): CodeIgniter\CodeIgniter->handleRequest(NULL, Object(Config\Cache), false)
#6 C:\wamp64\www\codeigniter4\public\index.php(37): CodeIgniter\CodeIgniter->run()
#7 C:\wamp64\www\codeigniter4\system\Commands\Server\rewrite.php(43): require_once('C:\\wamp64\\www\\c...')
#8 {main}
CRITICAL - 2022-02-16 11:43:40 --> Invalid file: welcome_message.php
#0 C:\wamp64\www\codeigniter4\system\View\View.php(198): CodeIgniter\Exceptions\FrameworkException::forInvalidFile('welcome_message...')
#1 C:\wamp64\www\codeigniter4\system\Common.php(1089): CodeIgniter\View\View->render('welcome_message', Array, true)
#2 C:\wamp64\www\codeigniter4\app\Controllers\Home.php(9): view('welcome_message')
#3 C:\wamp64\www\codeigniter4\system\CodeIgniter.php(825): App\Controllers\Home->index()
#4 C:\wamp64\www\codeigniter4\system\CodeIgniter.php(412): CodeIgniter\CodeIgniter->runController(Object(App\Controllers\Home))
#5 C:\wamp64\www\codeigniter4\system\CodeIgniter.php(320): CodeIgniter\CodeIgniter->handleRequest(NULL, Object(Config\Cache), false)
#6 C:\wamp64\www\codeigniter4\public\index.php(37): CodeIgniter\CodeIgniter->run()
#7 C:\wamp64\www\codeigniter4\system\Commands\Server\rewrite.php(43): require_once('C:\\wamp64\\www\\c...')
#8 {main}
CRITICAL - 2022-02-16 11:43:40 --> Invalid file: welcome_message.php
#0 C:\wamp64\www\codeigniter4\system\View\View.php(198): CodeIgniter\Exceptions\FrameworkException::forInvalidFile('welcome_message...')
#1 C:\wamp64\www\codeigniter4\system\Common.php(1089): CodeIgniter\View\View->render('welcome_message', Array, true)
#2 C:\wamp64\www\codeigniter4\app\Controllers\Home.php(9): view('welcome_message')
#3 C:\wamp64\www\codeigniter4\system\CodeIgniter.php(825): App\Controllers\Home->index()
#4 C:\wamp64\www\codeigniter4\system\CodeIgniter.php(412): CodeIgniter\CodeIgniter->runController(Object(App\Controllers\Home))
#5 C:\wamp64\www\codeigniter4\system\CodeIgniter.php(320): CodeIgniter\CodeIgniter->handleRequest(NULL, Object(Config\Cache), false)
#6 C:\wamp64\www\codeigniter4\public\index.php(37): CodeIgniter\CodeIgniter->run()
#7 C:\wamp64\www\codeigniter4\system\Commands\Server\rewrite.php(43): require_once('C:\\wamp64\\www\\c...')
#8 {main}
CRITICAL - 2022-02-16 11:43:40 --> Invalid file: welcome_message.php
#0 C:\wamp64\www\codeigniter4\system\View\View.php(198): CodeIgniter\Exceptions\FrameworkException::forInvalidFile('welcome_message...')
#1 C:\wamp64\www\codeigniter4\system\Common.php(1089): CodeIgniter\View\View->render('welcome_message', Array, true)
#2 C:\wamp64\www\codeigniter4\app\Controllers\Home.php(9): view('welcome_message')
#3 C:\wamp64\www\codeigniter4\system\CodeIgniter.php(825): App\Controllers\Home->index()
#4 C:\wamp64\www\codeigniter4\system\CodeIgniter.php(412): CodeIgniter\CodeIgniter->runController(Object(App\Controllers\Home))
#5 C:\wamp64\www\codeigniter4\system\CodeIgniter.php(320): CodeIgniter\CodeIgniter->handleRequest(NULL, Object(Config\Cache), false)
#6 C:\wamp64\www\codeigniter4\public\index.php(37): CodeIgniter\CodeIgniter->run()
#7 C:\wamp64\www\codeigniter4\system\Commands\Server\rewrite.php(43): require_once('C:\\wamp64\\www\\c...')
#8 {main}
CRITICAL - 2022-02-16 11:43:40 --> Invalid file: welcome_message.php
#0 C:\wamp64\www\codeigniter4\system\View\View.php(198): CodeIgniter\Exceptions\FrameworkException::forInvalidFile('welcome_message...')
#1 C:\wamp64\www\codeigniter4\system\Common.php(1089): CodeIgniter\View\View->render('welcome_message', Array, true)
#2 C:\wamp64\www\codeigniter4\app\Controllers\Home.php(9): view('welcome_message')
#3 C:\wamp64\www\codeigniter4\system\CodeIgniter.php(825): App\Controllers\Home->index()
#4 C:\wamp64\www\codeigniter4\system\CodeIgniter.php(412): CodeIgniter\CodeIgniter->runController(Object(App\Controllers\Home))
#5 C:\wamp64\www\codeigniter4\system\CodeIgniter.php(320): CodeIgniter\CodeIgniter->handleRequest(NULL, Object(Config\Cache), false)
#6 C:\wamp64\www\codeigniter4\public\index.php(37): CodeIgniter\CodeIgniter->run()
#7 C:\wamp64\www\codeigniter4\system\Commands\Server\rewrite.php(43): require_once('C:\\wamp64\\www\\c...')
#8 {main}
CRITICAL - 2022-02-16 11:45:18 --> Invalid file: welcome_message.php
#0 C:\wamp64\www\codeigniter4\system\View\View.php(198): CodeIgniter\Exceptions\FrameworkException::forInvalidFile('welcome_message...')
#1 C:\wamp64\www\codeigniter4\system\Common.php(1089): CodeIgniter\View\View->render('welcome_message', Array, true)
#2 C:\wamp64\www\codeigniter4\app\Controllers\Home.php(9): view('welcome_message')
#3 C:\wamp64\www\codeigniter4\system\CodeIgniter.php(825): App\Controllers\Home->index()
#4 C:\wamp64\www\codeigniter4\system\CodeIgniter.php(412): CodeIgniter\CodeIgniter->runController(Object(App\Controllers\Home))
#5 C:\wamp64\www\codeigniter4\system\CodeIgniter.php(320): CodeIgniter\CodeIgniter->handleRequest(NULL, Object(Config\Cache), false)
#6 C:\wamp64\www\codeigniter4\public\index.php(37): CodeIgniter\CodeIgniter->run()
#7 C:\wamp64\www\codeigniter4\system\Commands\Server\rewrite.php(43): require_once('C:\\wamp64\\www\\c...')
#8 {main}
CRITICAL - 2022-02-16 11:45:58 --> Invalid file: welcome_message.php
#0 C:\wamp64\www\codeigniter4\system\View\View.php(198): CodeIgniter\Exceptions\FrameworkException::forInvalidFile('welcome_message...')
#1 C:\wamp64\www\codeigniter4\system\Common.php(1089): CodeIgniter\View\View->render('welcome_message', Array, true)
#2 C:\wamp64\www\codeigniter4\app\Controllers\Home.php(9): view('welcome_message')
#3 C:\wamp64\www\codeigniter4\system\CodeIgniter.php(825): App\Controllers\Home->index()
#4 C:\wamp64\www\codeigniter4\system\CodeIgniter.php(412): CodeIgniter\CodeIgniter->runController(Object(App\Controllers\Home))
#5 C:\wamp64\www\codeigniter4\system\CodeIgniter.php(320): CodeIgniter\CodeIgniter->handleRequest(NULL, Object(Config\Cache), false)
#6 C:\wamp64\www\codeigniter4\public\index.php(37): CodeIgniter\CodeIgniter->run()
#7 C:\wamp64\www\codeigniter4\system\Commands\Server\rewrite.php(43): require_once('C:\\wamp64\\www\\c...')
#8 {main}
CRITICAL - 2022-02-16 11:46:28 --> Invalid file: welcome_message.php
#0 C:\wamp64\www\codeigniter4\system\View\View.php(198): CodeIgniter\Exceptions\FrameworkException::forInvalidFile('welcome_message...')
#1 C:\wamp64\www\codeigniter4\system\Common.php(1089): CodeIgniter\View\View->render('welcome_message', Array, true)
#2 C:\wamp64\www\codeigniter4\app\Controllers\Home.php(9): view('welcome_message')
#3 C:\wamp64\www\codeigniter4\system\CodeIgniter.php(825): App\Controllers\Home->index()
#4 C:\wamp64\www\codeigniter4\system\CodeIgniter.php(412): CodeIgniter\CodeIgniter->runController(Object(App\Controllers\Home))
#5 C:\wamp64\www\codeigniter4\system\CodeIgniter.php(320): CodeIgniter\CodeIgniter->handleRequest(NULL, Object(Config\Cache), false)
#6 C:\wamp64\www\codeigniter4\public\index.php(37): CodeIgniter\CodeIgniter->run()
#7 C:\wamp64\www\codeigniter4\system\Commands\Server\rewrite.php(43): require_once('C:\\wamp64\\www\\c...')
#8 {main}
CRITICAL - 2022-02-16 11:46:28 --> Invalid file: welcome_message.php
#0 C:\wamp64\www\codeigniter4\system\View\View.php(198): CodeIgniter\Exceptions\FrameworkException::forInvalidFile('welcome_message...')
#1 C:\wamp64\www\codeigniter4\system\Common.php(1089): CodeIgniter\View\View->render('welcome_message', Array, true)
#2 C:\wamp64\www\codeigniter4\app\Controllers\Home.php(9): view('welcome_message')
#3 C:\wamp64\www\codeigniter4\system\CodeIgniter.php(825): App\Controllers\Home->index()
#4 C:\wamp64\www\codeigniter4\system\CodeIgniter.php(412): CodeIgniter\CodeIgniter->runController(Object(App\Controllers\Home))
#5 C:\wamp64\www\codeigniter4\system\CodeIgniter.php(320): CodeIgniter\CodeIgniter->handleRequest(NULL, Object(Config\Cache), false)
#6 C:\wamp64\www\codeigniter4\public\index.php(37): CodeIgniter\CodeIgniter->run()
#7 C:\wamp64\www\codeigniter4\system\Commands\Server\rewrite.php(43): require_once('C:\\wamp64\\www\\c...')
#8 {main}
CRITICAL - 2022-02-16 11:47:16 --> Invalid file: welcome_message.php
#0 C:\wamp64\www\codeigniter4\system\View\View.php(198): CodeIgniter\Exceptions\FrameworkException::forInvalidFile('welcome_message...')
#1 C:\wamp64\www\codeigniter4\system\Common.php(1089): CodeIgniter\View\View->render('welcome_message', Array, true)
#2 C:\wamp64\www\codeigniter4\app\Controllers\Home.php(9): view('welcome_message')
#3 C:\wamp64\www\codeigniter4\system\CodeIgniter.php(825): App\Controllers\Home->index()
#4 C:\wamp64\www\codeigniter4\system\CodeIgniter.php(412): CodeIgniter\CodeIgniter->runController(Object(App\Controllers\Home))
#5 C:\wamp64\www\codeigniter4\system\CodeIgniter.php(320): CodeIgniter\CodeIgniter->handleRequest(NULL, Object(Config\Cache), false)
#6 C:\wamp64\www\codeigniter4\public\index.php(37): CodeIgniter\CodeIgniter->run()
#7 C:\wamp64\www\codeigniter4\system\Commands\Server\rewrite.php(43): require_once('C:\\wamp64\\www\\c...')
#8 {main}
CRITICAL - 2022-02-16 11:47:17 --> Invalid file: welcome_message.php
#0 C:\wamp64\www\codeigniter4\system\View\View.php(198): CodeIgniter\Exceptions\FrameworkException::forInvalidFile('welcome_message...')
#1 C:\wamp64\www\codeigniter4\system\Common.php(1089): CodeIgniter\View\View->render('welcome_message', Array, true)
#2 C:\wamp64\www\codeigniter4\app\Controllers\Home.php(9): view('welcome_message')
#3 C:\wamp64\www\codeigniter4\system\CodeIgniter.php(825): App\Controllers\Home->index()
#4 C:\wamp64\www\codeigniter4\system\CodeIgniter.php(412): CodeIgniter\CodeIgniter->runController(Object(App\Controllers\Home))
#5 C:\wamp64\www\codeigniter4\system\CodeIgniter.php(320): CodeIgniter\CodeIgniter->handleRequest(NULL, Object(Config\Cache), false)
#6 C:\wamp64\www\codeigniter4\public\index.php(37): CodeIgniter\CodeIgniter->run()
#7 C:\wamp64\www\codeigniter4\system\Commands\Server\rewrite.php(43): require_once('C:\\wamp64\\www\\c...')
#8 {main}
CRITICAL - 2022-02-16 11:47:17 --> Invalid file: welcome_message.php
#0 C:\wamp64\www\codeigniter4\system\View\View.php(198): CodeIgniter\Exceptions\FrameworkException::forInvalidFile('welcome_message...')
#1 C:\wamp64\www\codeigniter4\system\Common.php(1089): CodeIgniter\View\View->render('welcome_message', Array, true)
#2 C:\wamp64\www\codeigniter4\app\Controllers\Home.php(9): view('welcome_message')
#3 C:\wamp64\www\codeigniter4\system\CodeIgniter.php(825): App\Controllers\Home->index()
#4 C:\wamp64\www\codeigniter4\system\CodeIgniter.php(412): CodeIgniter\CodeIgniter->runController(Object(App\Controllers\Home))
#5 C:\wamp64\www\codeigniter4\system\CodeIgniter.php(320): CodeIgniter\CodeIgniter->handleRequest(NULL, Object(Config\Cache), false)
#6 C:\wamp64\www\codeigniter4\public\index.php(37): CodeIgniter\CodeIgniter->run()
#7 C:\wamp64\www\codeigniter4\system\Commands\Server\rewrite.php(43): require_once('C:\\wamp64\\www\\c...')
#8 {main}
CRITICAL - 2022-02-16 11:47:17 --> Invalid file: welcome_message.php
#0 C:\wamp64\www\codeigniter4\system\View\View.php(198): CodeIgniter\Exceptions\FrameworkException::forInvalidFile('welcome_message...')
#1 C:\wamp64\www\codeigniter4\system\Common.php(1089): CodeIgniter\View\View->render('welcome_message', Array, true)
#2 C:\wamp64\www\codeigniter4\app\Controllers\Home.php(9): view('welcome_message')
#3 C:\wamp64\www\codeigniter4\system\CodeIgniter.php(825): App\Controllers\Home->index()
#4 C:\wamp64\www\codeigniter4\system\CodeIgniter.php(412): CodeIgniter\CodeIgniter->runController(Object(App\Controllers\Home))
#5 C:\wamp64\www\codeigniter4\system\CodeIgniter.php(320): CodeIgniter\CodeIgniter->handleRequest(NULL, Object(Config\Cache), false)
#6 C:\wamp64\www\codeigniter4\public\index.php(37): CodeIgniter\CodeIgniter->run()
#7 C:\wamp64\www\codeigniter4\system\Commands\Server\rewrite.php(43): require_once('C:\\wamp64\\www\\c...')
#8 {main}
CRITICAL - 2022-02-16 11:47:18 --> Invalid file: welcome_message.php
#0 C:\wamp64\www\codeigniter4\system\View\View.php(198): CodeIgniter\Exceptions\FrameworkException::forInvalidFile('welcome_message...')
#1 C:\wamp64\www\codeigniter4\system\Common.php(1089): CodeIgniter\View\View->render('welcome_message', Array, true)
#2 C:\wamp64\www\codeigniter4\app\Controllers\Home.php(9): view('welcome_message')
#3 C:\wamp64\www\codeigniter4\system\CodeIgniter.php(825): App\Controllers\Home->index()
#4 C:\wamp64\www\codeigniter4\system\CodeIgniter.php(412): CodeIgniter\CodeIgniter->runController(Object(App\Controllers\Home))
#5 C:\wamp64\www\codeigniter4\system\CodeIgniter.php(320): CodeIgniter\CodeIgniter->handleRequest(NULL, Object(Config\Cache), false)
#6 C:\wamp64\www\codeigniter4\public\index.php(37): CodeIgniter\CodeIgniter->run()
#7 C:\wamp64\www\codeigniter4\system\Commands\Server\rewrite.php(43): require_once('C:\\wamp64\\www\\c...')
#8 {main}
CRITICAL - 2022-02-16 11:47:18 --> Invalid file: welcome_message.php
#0 C:\wamp64\www\codeigniter4\system\View\View.php(198): CodeIgniter\Exceptions\FrameworkException::forInvalidFile('welcome_message...')
#1 C:\wamp64\www\codeigniter4\system\Common.php(1089): CodeIgniter\View\View->render('welcome_message', Array, true)
#2 C:\wamp64\www\codeigniter4\app\Controllers\Home.php(9): view('welcome_message')
#3 C:\wamp64\www\codeigniter4\system\CodeIgniter.php(825): App\Controllers\Home->index()
#4 C:\wamp64\www\codeigniter4\system\CodeIgniter.php(412): CodeIgniter\CodeIgniter->runController(Object(App\Controllers\Home))
#5 C:\wamp64\www\codeigniter4\system\CodeIgniter.php(320): CodeIgniter\CodeIgniter->handleRequest(NULL, Object(Config\Cache), false)
#6 C:\wamp64\www\codeigniter4\public\index.php(37): CodeIgniter\CodeIgniter->run()
#7 C:\wamp64\www\codeigniter4\system\Commands\Server\rewrite.php(43): require_once('C:\\wamp64\\www\\c...')
#8 {main}
CRITICAL - 2022-02-16 11:47:18 --> Invalid file: welcome_message.php
#0 C:\wamp64\www\codeigniter4\system\View\View.php(198): CodeIgniter\Exceptions\FrameworkException::forInvalidFile('welcome_message...')
#1 C:\wamp64\www\codeigniter4\system\Common.php(1089): CodeIgniter\View\View->render('welcome_message', Array, true)
#2 C:\wamp64\www\codeigniter4\app\Controllers\Home.php(9): view('welcome_message')
#3 C:\wamp64\www\codeigniter4\system\CodeIgniter.php(825): App\Controllers\Home->index()
#4 C:\wamp64\www\codeigniter4\system\CodeIgniter.php(412): CodeIgniter\CodeIgniter->runController(Object(App\Controllers\Home))
#5 C:\wamp64\www\codeigniter4\system\CodeIgniter.php(320): CodeIgniter\CodeIgniter->handleRequest(NULL, Object(Config\Cache), false)
#6 C:\wamp64\www\codeigniter4\public\index.php(37): CodeIgniter\CodeIgniter->run()
#7 C:\wamp64\www\codeigniter4\system\Commands\Server\rewrite.php(43): require_once('C:\\wamp64\\www\\c...')
#8 {main}
CRITICAL - 2022-02-16 11:47:19 --> Invalid file: welcome_message.php
#0 C:\wamp64\www\codeigniter4\system\View\View.php(198): CodeIgniter\Exceptions\FrameworkException::forInvalidFile('welcome_message...')
#1 C:\wamp64\www\codeigniter4\system\Common.php(1089): CodeIgniter\View\View->render('welcome_message', Array, true)
#2 C:\wamp64\www\codeigniter4\app\Controllers\Home.php(9): view('welcome_message')
#3 C:\wamp64\www\codeigniter4\system\CodeIgniter.php(825): App\Controllers\Home->index()
#4 C:\wamp64\www\codeigniter4\system\CodeIgniter.php(412): CodeIgniter\CodeIgniter->runController(Object(App\Controllers\Home))
#5 C:\wamp64\www\codeigniter4\system\CodeIgniter.php(320): CodeIgniter\CodeIgniter->handleRequest(NULL, Object(Config\Cache), false)
#6 C:\wamp64\www\codeigniter4\public\index.php(37): CodeIgniter\CodeIgniter->run()
#7 C:\wamp64\www\codeigniter4\system\Commands\Server\rewrite.php(43): require_once('C:\\wamp64\\www\\c...')
#8 {main}
CRITICAL - 2022-02-16 11:47:24 --> Invalid file: welcome_message.php
#0 C:\wamp64\www\codeigniter4\system\View\View.php(198): CodeIgniter\Exceptions\FrameworkException::forInvalidFile('welcome_message...')
#1 C:\wamp64\www\codeigniter4\system\Common.php(1089): CodeIgniter\View\View->render('welcome_message', Array, true)
#2 C:\wamp64\www\codeigniter4\app\Controllers\Home.php(9): view('welcome_message')
#3 C:\wamp64\www\codeigniter4\system\CodeIgniter.php(825): App\Controllers\Home->index()
#4 C:\wamp64\www\codeigniter4\system\CodeIgniter.php(412): CodeIgniter\CodeIgniter->runController(Object(App\Controllers\Home))
#5 C:\wamp64\www\codeigniter4\system\CodeIgniter.php(320): CodeIgniter\CodeIgniter->handleRequest(NULL, Object(Config\Cache), false)
#6 C:\wamp64\www\codeigniter4\public\index.php(37): CodeIgniter\CodeIgniter->run()
#7 C:\wamp64\www\codeigniter4\system\Commands\Server\rewrite.php(43): require_once('C:\\wamp64\\www\\c...')
#8 {main}
CRITICAL - 2022-02-16 11:47:24 --> Invalid file: welcome_message.php
#0 C:\wamp64\www\codeigniter4\system\View\View.php(198): CodeIgniter\Exceptions\FrameworkException::forInvalidFile('welcome_message...')
#1 C:\wamp64\www\codeigniter4\system\Common.php(1089): CodeIgniter\View\View->render('welcome_message', Array, true)
#2 C:\wamp64\www\codeigniter4\app\Controllers\Home.php(9): view('welcome_message')
#3 C:\wamp64\www\codeigniter4\system\CodeIgniter.php(825): App\Controllers\Home->index()
#4 C:\wamp64\www\codeigniter4\system\CodeIgniter.php(412): CodeIgniter\CodeIgniter->runController(Object(App\Controllers\Home))
#5 C:\wamp64\www\codeigniter4\system\CodeIgniter.php(320): CodeIgniter\CodeIgniter->handleRequest(NULL, Object(Config\Cache), false)
#6 C:\wamp64\www\codeigniter4\public\index.php(37): CodeIgniter\CodeIgniter->run()
#7 C:\wamp64\www\codeigniter4\system\Commands\Server\rewrite.php(43): require_once('C:\\wamp64\\www\\c...')
#8 {main}
